MMV0LLYINFP0060 : MedML Installer : i3ymcjpbz

Start Time: Saturday, May 07, 2016   05:19:59

Begin cooking response file 'E:\Custom\i3ymcjpbz\FastStart\20160506CRQ000000760603\Admin\Customer\AdminCustomer.rsp'


Cooking file 'E:\Custom\i3ymcjpbz\FastStart\20160506CRQ000000760603\Admin\Customer\InsertUsers.xml'
Information: Inserting USER "ZPFaflathers"
Information: Inserting USER "ZPFkbarkoczi"
Information: Inserting USER "ZPFskonig"
Information: Inserting USER "ZPFabalogh"
Information: Inserting USER "ZPFckalinyak"
Information: Inserting USER "ZPFdnagy"
Information: Inserting USER "ZPFedervishaj"
Information: Inserting USER "ZPFepenzes"
Information: Inserting USER "ZPFmandone"
Information: Inserting USER "ZPFnkovacs"
Information: Inserting USER "ZPFobodnar"
Information: Inserting USER "ZPFprojas"
Information: Inserting USER "ZPFrcalorico"
Information: Inserting USER "ZPFrducusin"
Information: Inserting USER "ZPFsdamato"
Information: Inserting USER "ZPFapervaiz"
Information: Inserting USER "ZPFaterjek"
Information: Inserting USER "ZPFawarsama"
Information: Inserting USER "ZPFcmercado"
Information: Inserting USER "ZPFcmolom"
Information: Inserting USER "ZPFddiomede"
Information: Inserting USER "ZPFdvittay"
Information: Inserting USER "ZPFekosa"
Information: Inserting USER "ZPFfillesy"
Information: Inserting USER "ZPFfvarga"
Information: Inserting USER "ZPFgkrucso"
Information: Inserting USER "ZPFgyvarga"
Information: Inserting USER "ZPFijohl"
Information: Inserting USER "ZPFkcco"
Information: Inserting USER "ZPFkcsobalyka"
Information: Inserting USER "ZPFklim"
Information: Inserting USER "ZPFlbalubar"
Information: Inserting USER "ZPFlmate"
Information: Inserting USER "ZPFmkhella"
Information: Inserting USER "ZPFmtoth"
Information: Inserting USER "ZPFnqi"
Information: Inserting USER "ZPFnreis"
Information: Inserting USER "ZPFnvergara"
Information: Inserting USER "ZPFoely"
Information: Inserting USER "ZPFpvallar"
Information: Inserting USER "ZPFrsulit"
Information: Inserting USER "ZPFsaguilar"
Information: Inserting USER "ZPFsdasilva"
Information: Inserting USER "ZPFskholti"
Information: Inserting USER "ZPFstayco"
Information: Inserting USER "ZPFtcabanes"
Information: Inserting USER "ZPFtfabian"
Information: Inserting USER "ZPFtszabo"
Information: Inserting USER "fzagouri"
Information: Inserting USER "coikonomou"
Information: Inserting USER "jjensen"
Information: Inserting USER "jnadal"
Information: Inserting USER "atofalo"
Information: Inserting USER "rsala"
Information: Inserting USER "msimon"
Information: Inserting USER "c231006"
Information: Inserting USER "jsoderlind"
Information: Inserting USER "mangel"
Information: Inserting USER "lfein"
Information: Inserting USER "cyumatle"
Information: Inserting USER "mcasalnuovo"
Information: Inserting USER "pservienti"
Information: Inserting USER "rkowalyszyn"
Information: Inserting USER "agarcia"
Information: Inserting USER "gmartinengo"
Information: Inserting USER "marevalo"
Information: Inserting USER "rhegg"
Information: Inserting USER "agoncalves"
Information: Inserting USER "ncarvalho"
Information: Inserting USER "ltesta"
Information: Inserting USER "acardoso"
Information: Inserting USER "fcarde"
Information: Inserting USER "tiafuso"
Information: Inserting USER "rcontador"
Information: Inserting USER "vwebber"
Information: Inserting USER "c228473"
Information: Inserting USER "c232285"
Information: Inserting USER "aromera"
Information: Inserting USER "jcarpanelli"
Information: Inserting USER "mvilanova"
Information: Inserting USER "jsegura"
Information: Inserting USER "dkaen"
Information: Inserting USER "lferraro"
Information: Inserting USER "sdellatorre"
Information: Inserting USER "msasaki"
Information: Inserting USER "lmoreno"
Information: Inserting USER "c229415"
Information: Inserting USER "z3x1849"
Information: Inserting USER "c228308"
Information: Inserting USER "foliveira"
Information: Inserting USER "msantos"
Information: Inserting USER "hrodrigues"
Information: Inserting USER "ssanches"
Information: Inserting USER "mmachado"
Information: Inserting USER "gwerutsky"
Information: Inserting USER "lbentz"
Information: Inserting USER "z3x1846"
Information: Inserting USER "c226129"
Information: Inserting USER "z3x0225"
Information: Inserting USER "zg01773"
Information: Inserting USER "zg02505"
Information: Inserting USER "aalba"
Information: Inserting USER "mliontos"
Information: Inserting USER "athanou"
Information: Inserting USER "apsaromyalou"
Information: Inserting USER "zg02589"
Information: Inserting USER "c227309"
Information: Inserting USER "Jkim"
Information: Inserting USER "gkim4"
Information: Inserting USER "Yim"
Information: Inserting USER "jakim"
Information: Inserting USER "yloeffler"
Information: Inserting USER "mkrohne"
Information: Inserting USER "emlee"
Information: Inserting USER "sahn"
Information: Inserting USER "sychoi"
Information: Inserting USER "Sim"
Information: Inserting USER "c214483"
Information: Inserting USER "idelgado"
Information: Inserting USER "Cortes"
Information: Inserting USER "jagarciasaenz"
Information: Inserting USER "CalderonGavilan"
Information: Inserting USER "Johnson"
Information: Inserting USER "Masterson"
Information: Inserting USER "Ahmed"
Information: Inserting USER "Wardley"
Information: Inserting USER "Herdrich"
Information: Inserting USER "mmodrow"
Information: Inserting USER "kfrank"
Information: Inserting USER "c222415"
Information: Inserting USER "z2x5649"
Information: Inserting USER "z2x6065"
Information: Inserting USER "z1x2603"
Information: Inserting USER "c226131"
Information: Inserting USER "c214080"
Information: Inserting USER "c225990"
Information: Inserting USER "a608760"
Information: Inserting USER "igonzalez"
Information: Inserting USER "ulischke"
Information: Inserting USER "aalvarado"
Information: Inserting USER "npalkhiwala"
Information: Inserting USER "c083101"
Information: Inserting USER "rm89018"
Information: Inserting USER "c015393"
Information: Inserting USER "c071673"
Information: Inserting USER "v6x8058"
Information: Inserting USER "c039853"
Information: Inserting USER "c068505"
Information: Inserting USER "c149066"
Information: Inserting USER "c021984"
Information: Inserting USER "rm35504"
Information: Inserting USER "ye91098"
Information: Inserting USER "c022433"
Information: Inserting USER "c039863"
Information: Inserting USER "c075541"
Information: Inserting USER "c074429"
Information: Inserting USER "c026393"
Information: Inserting USER "a608261"
Information: Inserting USER "c058698"
Information: Inserting USER "c143125"
Information: Inserting USER "u7x2510"
Information: Inserting USER "c135748"
Information: Inserting USER "yex7920"
Information: Inserting USER "c149470"
Information: Inserting USER "rm36132"
Information: Inserting USER "a803075"
Information: Inserting USER "a511471"
Information: Inserting USER "rm87794"
Information: Inserting USER "rm80655"
Information: Inserting USER "C199642"
Information: Inserting USER "C199523"
Information: Inserting USER "C196683"
Information: Inserting USER "tsheppard"
Information: Inserting USER "tmontalvo"
Information: Inserting USER "mmoscatelli"
Information: Inserting USER "bfranklin"
Information: Inserting USER "fkhandan"
Information: Inserting USER "Yague"
Information: Inserting USER "Dewelle"
Information: Inserting USER "Adam"
Information: Inserting USER "DeRoover"
Information: Inserting USER "Denys"
Information: Inserting USER "DIERAS"
Information: Inserting USER "ANDRE"
Information: Inserting USER "Labessan"
Information: Inserting USER "FERRERO"
Information: Inserting USER "Ettl"
Information: Inserting USER "Bergel"
Information: Inserting USER "BAMIAS"
Information: Inserting USER "Mouzaki"
Information: Inserting USER "Gallo"
Information: Inserting USER "Buanne"
Information: Inserting USER "amani"
Information: Inserting USER "aminichiello"
Information: Inserting USER "dpoller"
Information: Inserting USER "jhanson"
Information: Inserting USER "lchieverton"
Information: Inserting USER "sbabu"
Information: Inserting USER "pmeyer"
Information: Inserting USER "mkhasraw"
Information: Inserting USER "sgagliano"
Information: Inserting USER "jmccann"
Information: Inserting USER "japark"
Information: Inserting USER "skim93"
Information: Inserting USER "kmoreno"
Information: Inserting USER "mvelivelli"
Information: Inserting USER "mcampana"
Information: Inserting USER "c223148"
Information: Inserting USER "c003859"
Information: Inserting USER "c079244"
Information: Inserting USER "rm90029"
Information: Inserting USER "c069132"
Information: Inserting USER "c057362"
Information: Inserting USER "c039825"
Information: Inserting USER "c090108"
Information: Inserting USER "c074090"
Information: Inserting USER "c085302"
Information: Inserting USER "c074342"
Information: Inserting USER "c149177"
Information: Inserting USER "c131994"
Information: Inserting USER "v6x8356"
Information: Inserting USER "c025980"
Information: Inserting USER "c137396"
Information: Inserting USER "c196248"
Information: Inserting USER "C218621"
Information: Inserting USER "C223292"
Information: Inserting USER "C068502"
Information: Inserting USER "c228559"
Information: Inserting USER "c198897"
Information: Inserting USER "eb97331"
Information: Inserting USER "c185854"
Information: Inserting USER "z2x1296"
Information: Inserting USER "cosullivan"
Information: Inserting USER "cmartinez"
Information: Inserting USER "jboese"
Information: Inserting USER "mokera"
Information: Inserting USER "smclaughlin"
Information: Inserting USER "smccowatt"
Information: Inserting USER "achan"
Information: Inserting USER "yrson"
Information: Inserting USER "ymshin"
Information: Inserting USER "yskim"
Information: Inserting USER "ypark18"
Information: Inserting USER "msin"
Information: Inserting USER "c145993"
Information: Inserting USER "dandrews"
Information: Inserting USER "sgulotta"
Information: Inserting USER "pjones"
Information: Inserting USER "dmartin"
Information: Inserting USER "rchaisson"
Information: Inserting USER "mthill"
Information: Inserting USER "Vuylsteke"
Information: Inserting USER "Canon"
Information: Inserting USER "Supply"
Information: Inserting USER "Neven"
Information: Inserting USER "DeLetter"
Information: Inserting USER "PIVOT"
Information: Inserting USER "TREDAN"
Information: Inserting USER "JACOT"
Information: Inserting USER "SOULIE"
Information: Inserting USER "Seeger"
Information: Inserting USER "Rautenberg"
Information: Inserting USER "Kakogianni"
Information: Inserting USER "Kalofonos"
Information: Inserting USER "Ballestrero"
Information: Inserting USER "Gamucci"
Information: Inserting USER "pmoyano"
Information: Inserting USER "Hernandez"
Information: Inserting USER "Merino"
Information: Inserting USER "mruiz"
Information: Inserting USER "Johnston"
Information: Inserting USER "GRIFFIN-TEAL"
Information: Inserting USER "Kavanagh"
Information: Inserting USER "Schwarz"
Information: Inserting USER "akoccu"
Information: Inserting USER "z2x3957"
Information: Inserting USER "mmikhail"
Information: Inserting USER "hhailes"
Information: Inserting USER "ihpark"
Information: Inserting USER "jcortes"
Information: Inserting USER "dgarcia"
Information: Inserting USER "jcuevas"
Information: Inserting USER "clewis"
Information: Inserting USER "mlima"
Information: Inserting USER "emgrischke"
Information: Inserting USER "mbanys"
Information: Inserting USER "akaczerowsky"
Information: Inserting USER "hjlee"
Information: Inserting USER "hyoo"
Information: Inserting USER "vtaylor"
Information: Inserting USER "c149176"
Information: Inserting USER "a701824"
Information: Inserting USER "c060736"
Information: Inserting USER "c026390"
Information: Inserting USER "ohernandez"
Information: Inserting USER "smerino"
Information: Inserting USER "cguerrero"
Information: Inserting USER "scarter"
Information: Inserting USER "mchiacchiarini"
Information: Inserting USER "c227012"
Information: Inserting USER "z2x3649"
Information: Inserting USER "z2x1394"
Information: Inserting USER "c225310"
Information: Inserting USER "z2x1399"
Information: Inserting USER "z3x3124"
Information: Inserting USER "z2x1723"
Information: Inserting USER "c229920"
Information: Inserting USER "z2x5929"
Information: Inserting USER "z2x2460"
Information: Inserting USER "c228320"
Information: Inserting USER "tgillock"
Information: Inserting USER "azelnak"
Information: Inserting USER "mwebster"
Information: Inserting USER "jrodriguezcid"
Information: Inserting USER "jettl"
Information: Inserting USER "sschoen"
Information: Inserting USER "tneunhoeffer"
Information: Inserting USER "ggebauer"
Information: Inserting USER "jkelly"
Information: Inserting USER "farena"
Information: Inserting USER "ndacosta"
Information: Inserting USER "sblau"
Information: Inserting USER "dyardley"
Information: Inserting USER "lhart"
Information: Inserting USER "ryoung"
Information: Inserting USER "scolding"
Information: Inserting USER "vgotlieb"
Information: Inserting USER "mdickler"
Information: Inserting USER "bwhittenberger"
Information: Inserting USER "shurvitz"
Information: Inserting USER "dchan"
Information: Inserting USER "bdicarlo"
Information: Inserting USER "gmaddenmathes"
Information: Inserting USER "ghollenbach"
Information: Inserting USER "eellis"
Information: Inserting USER "jhilton"
Information: Inserting USER "kcruise"
Information: Inserting USER "kcamposgomez"
Information: Inserting USER "fordaz"
Information: Inserting USER "njuarez"
Information: Inserting USER "coder_query"
Information: Inserting USER "a803717"
Information: Inserting USER "amcdermott"
Information: Inserting USER "mremyes"
Information: Inserting USER "mpool"
Information: Inserting USER "lreddington"
Information: Inserting USER "tjeffery"
Information: Inserting USER "rgerkin"
Information: Inserting USER "lwalton"
Information: Inserting USER "afernandez"
Information: Inserting USER "sdara"
Information: Inserting USER "kference"
Information: Inserting USER "jolyanich"
Information: Inserting USER "jmeisel"
Information: Inserting USER "shutcherson"
Information: Inserting USER "rdichmann"
Information: Inserting USER "dkanamori"
Information: Inserting USER "wlawler"
Information: Inserting USER "rrostorfer"
Information: Inserting USER "yvaldes"
Information: Inserting USER "lsummers"
Information: Inserting USER "lsalazer"
Information: Inserting USER "jmoss"
Information: Inserting USER "ademichele"
Information: Inserting USER "rgaiter"
Information: Inserting USER "yrahim"
Information: Inserting USER "scamposgomez"
Information: Inserting USER "ggarnica"
Information: Inserting USER "stolaney"
Information: Inserting USER "nryabin"
Information: Inserting USER "spatel"
Information: Inserting USER "dmarx"
Information: Inserting USER "ssandefur"
Information: Inserting USER "lsimons"
Information: Inserting USER "rpiacente"
Information: Inserting USER "gwright"
Information: Inserting USER "cbiermeier"
Information: Inserting USER "mmagallanes"
Information: Inserting USER "maguilar"
Information: Inserting USER "lgarciasoto"
Information: Inserting USER "hbusse"
Information: Inserting USER "sbecht"
Information: Inserting USER "bbergel"
Information: Inserting USER "i3ymcjpbz_RE"
Information: Inserting USER "z3x1197"

Cooking file 'E:\Custom\i3ymcjpbz\FastStart\20160506CRQ000000760603\Admin\Customer\SystemConfig.xml'
Information: Parsing SYSCONFIG EnrollWithIncompleteForms with value 0
Information: Parsing SYSCONFIG USERNAMEORDER with value F,L
Information: Parsing SYSCONFIG RequireCommentForNA with value 0
Information: Parsing SYSCONFIG AutoAnswerManualQueries with value 1
Information: Parsing SYSCONFIG QueryMaxLength with value 160
Information: Parsing SYSCONFIG UNIQUEINTLDOBSWTCH with value 0
Information: Parsing SYSCONFIG UNIQUEPATIDSWTCH with value 2
Information: Parsing SYSCONFIG SPONSOREDITFROZEN with value 0
Information: Parsing SYSCONFIG TrialDateFormat with value Day_Month_Year
Information: Parsing SYSCONFIG NavigationMode with value 1
Information: Parsing SYSCONFIG MinutesReauthenticate with value 15
Information: Parsing SYSCONFIG DaysPasswordExpiration with value 60
Information: Parsing SYSCONFIG MinutesReIdentification with value 120
Information: Parsing SYSCONFIG MinPasswordLength with value 8
Information: Parsing SYSCONFIG InactivateRetryCount with value 3
Information: Parsing SYSCONFIG OneNumericalCharacter with value 1
Information: Parsing SYSCONFIG OneUppercaseCharacter with value 1
Information: Parsing SYSCONFIG OneNonAlphaNumericCharacter with value 0
Information: Parsing SYSCONFIG AllowPasswordReuse with value 1
Information: Parsing SYSCONFIG EnableForgotPassword with value 1
Information: Parsing SYSCONFIG EnforceVisitDate with value 0
Information: Parsing SYSCONFIG ViewCRFSignList with value 1
Information: Parsing SYSCONFIG NumOfExePlanListenThreads with value 1
Information: Parsing SYSCONFIG MaxNumOfResubmissions with value 1
Information: Parsing SYSCONFIG PostQueryForConflictResolution with value 0
Information: Parsing SYSCONFIG SSLFlag with value 1
Information: Parsing SYSCONFIG ScreeningSequence with value SN:1%04q
Information: Parsing SYSCONFIG RandomizationSrc with value Inform.PFRandomization.1
Information: Parsing SYSCONFIG FormSaveMode with value 1
Information: Parsing SYSCONFIG InlineDuration with value 3
Information: Parsing SYSCONFIG QuerySelection with value QUERYACTION_CREATEOPEN

Cooking file 'E:\Custom\i3ymcjpbz\FastStart\20160506CRQ000000760603\Admin\Customer\InsertSites.xml'

Cooking file 'E:\Custom\i3ymcjpbz\FastStart\20160506CRQ000000760603\Admin\Customer\InsertSiteGroups.xml'

Cooking file 'E:\Custom\i3ymcjpbz\FastStart\20160506CRQ000000760603\Admin\Customer\InsertRightsGroups.xml'

Cooking file 'E:\Custom\i3ymcjpbz\FastStart\20160506CRQ000000760603\Admin\Customer\InsertGroups.xml'

Cooking file 'E:\Custom\i3ymcjpbz\FastStart\20160506CRQ000000760603\Admin\Customer\InsertUser-Roles.xml'

Cooking file 'E:\Custom\i3ymcjpbz\FastStart\20160506CRQ000000760603\Admin\Customer\SignatureCRF.xml'

Cooking file 'E:\Custom\i3ymcjpbz\FastStart\20160506CRQ000000760603\Admin\Customer\InsertUser-Groups.xml'

Cooking file 'E:\Custom\i3ymcjpbz\FastStart\20160506CRQ000000760603\Admin\Customer\InsertItemGroups.xml'

Cooking file 'E:\Custom\i3ymcjpbz\FastStart\20160506CRQ000000760603\Admin\Customer\InsertRoleItemGroup.xml'

Cooking file 'E:\Custom\i3ymcjpbz\FastStart\20160506CRQ000000760603\Admin\Customer\Sponsor.xml'
Information: Inserting Sponsor 'Eli Lilly'
End cooking response file 'E:\Custom\i3ymcjpbz\FastStart\20160506CRQ000000760603\Admin\Customer\AdminCustomer.rsp'

Begin cooking response file 'E:\Custom\i3ymcjpbz\FastStart\20160506CRQ000000760603\Resources\Resources.rsp'


Cooking file 'E:\Custom\i3ymcjpbz\FastStart\20160506CRQ000000760603\Resources\Resources.xml'
Information: Updating RESOURCE PF_RESOURCE_GENERIC_ENROLLMENTCONFIRM
Information: Updating RESOURCE PF_RESOURCE_GENERIC_VISITCALCULATOR
Information: Updating RESOURCE PF_RESOURCE_GENERIC_SCRIPT_MAIN
Information: Parsing HTMLTEMPLATE PF_SCRIPT_MAIN
Warning: HTML Template "PF_SCRIPT_MAIN" already exists for Browser "GENERIC"..Skipping
Information: Updating RESOURCE 6C

Cooking file 'E:\Custom\i3ymcjpbz\FastStart\20160506CRQ000000760603\Resources\sysform_PatientSiteChange.xml'
Information: Updating PFELEMENT '_SYS_PSC_UNKNSTR'...
Warning: An equivalent definition of element '_SYS_PSC_UNKNSTR' already exists. Using existing instance.
Information: Updating TEXTCONTROL 'PSC_CURRENTSITE_CONTROL'...
Warning: An equivalent definition of text control 'PSC_CURRENTSITE_CONTROL' already exists. Using existing instance.
Information: Updating TEXTCONTROL 'PSC_PATIENTNUMBER_CONTROL'...
Warning: An equivalent definition of text control 'PSC_PATIENTNUMBER_CONTROL' already exists. Using existing instance.
Information: Updating TEXTCONTROL 'PSC_SIGNATURES_CONTROL'...
Warning: An equivalent definition of text control 'PSC_SIGNATURES_CONTROL' already exists. Using existing instance.
Information: Updating TEXTCONTROL 'PSC_QUERIES_CONTROL'...
Warning: An equivalent definition of text control 'PSC_QUERIES_CONTROL' already exists. Using existing instance.
Information: Updating TEXTCONTROL 'PSC_SOURCEVERIFICATION_CONTROL'...
Warning: An equivalent definition of text control 'PSC_SOURCEVERIFICATION_CONTROL' already exists. Using existing instance.
Information: Updating TEXTCONTROL 'PSC_NO_SIGNATURES_CONTROL'...
Warning: An equivalent definition of text control 'PSC_NO_SIGNATURES_CONTROL' already exists. Using existing instance.
Information: Updating TEXTCONTROL 'PSC_NO_QUERIES_CONTROL'...
Warning: An equivalent definition of text control 'PSC_NO_QUERIES_CONTROL' already exists. Using existing instance.
Information: Updating TEXTCONTROL 'PSC_NO_SOURCEVERIFICATION_CONTROL'...
Warning: An equivalent definition of text control 'PSC_NO_SOURCEVERIFICATION_CONTROL' already exists. Using existing instance.
Information: Updating PULLDOWNCONTROL 'PSC_NEWSITE_CONTROL'...
Warning: An equivalent definition of pulldown control 'PSC_NEWSITE_CONTROL' already exists. Using existing instance.
Information: Updating TEXTCONTROL 'PSC_NO_NEWSITE_CONTROL'...
Warning: An equivalent definition of text control 'PSC_NO_NEWSITE_CONTROL' already exists. Using existing instance.
Information: Updating PFELEMENT 'PSC_REASON11'...
Warning: An equivalent definition of element 'PSC_REASON11' already exists. Using existing instance.
Information: Updating PFELEMENT 'PSC_REASON21'...
Warning: An equivalent definition of element 'PSC_REASON21' already exists. Using existing instance.
Information: Updating PFELEMENT 'PSC_REASON3'...
Warning: An equivalent definition of element 'PSC_REASON3' already exists. Using existing instance.
Information: Updating TEXTCONTROL 'PSC_OTHERREASONTEXT'...
Warning: An equivalent definition of text control 'PSC_OTHERREASONTEXT' already exists. Using existing instance.
Information: Updating PULLDOWNCONTROL 'PSC_CHANGEREASONPULLDOWN'...
Warning: An equivalent definition of pulldown control 'PSC_CHANGEREASONPULLDOWN' already exists. Using existing instance.
Information: Updating RADIOCONTROL 'PSC_REASON_CONTROL'...
Warning: The child control 'PSC_CHANGEREASONPULLDOWN' in the radio group 'PSC_REASON_CONTROL' does not have a selection value defined.  (A selection value will be generated by default.)
Warning: The child control 'PSC_OTHERREASONTEXT' in the radio group 'PSC_REASON_CONTROL' does not have a selection value defined.  (A selection value will be generated by default.)
Warning: An equivalent definition of control group 'PSC_REASON_CONTROL' already exists. Using existing instance.
Information: Updating PFELEMENT '_SYS_PSC_YES'...
Warning: An equivalent definition of element '_SYS_PSC_YES' already exists. Using existing instance.
Information: Updating PFELEMENT '_SYS_PSC_NO'...
Warning: An equivalent definition of element '_SYS_PSC_NO' already exists. Using existing instance.
Information: Updating SIMPLECONTROL 'PSC_YES'...
Warning: An equivalent definition of simple control 'PSC_YES' already exists. Using existing instance.
Information: Updating SIMPLECONTROL 'PSC_NO'...
Warning: An equivalent definition of simple control 'PSC_NO' already exists. Using existing instance.
Information: Updating ITEM 'PSC_CURRENTSITE_ITEM'...
Warning: An equivalent definition of Item 'PSC_CURRENTSITE_ITEM' already exists. Using existing instance.
Information: Updating ITEM 'PSC_NEWSITE_ITEM'...
Warning: An equivalent definition of Item 'PSC_NEWSITE_ITEM' already exists. Using existing instance.
Information: Updating ITEM 'PSC_PATIENTNUMBER_ITEM'...
Warning: An equivalent definition of Item 'PSC_PATIENTNUMBER_ITEM' already exists. Using existing instance.
Information: Updating ITEM 'PSC_REASON_ITEM'...
Warning: An equivalent definition of Item 'PSC_REASON_ITEM' already exists. Using existing instance.
Information: Updating ITEM 'PSC_SIGNATURES_ITEM'...
Warning: An equivalent definition of Item 'PSC_SIGNATURES_ITEM' already exists. Using existing instance.
Information: Updating ITEM 'PSC_QUERIES_ITEM'...
Warning: An equivalent definition of Item 'PSC_QUERIES_ITEM' already exists. Using existing instance.
Information: Updating ITEM 'PSC_SOURCEVERIFICATION_ITEM'...
Warning: An equivalent definition of Item 'PSC_SOURCEVERIFICATION_ITEM' already exists. Using existing instance.
Information: Updating ITEM 'PSC_NO_SIGNATURES_ITEM'...
Warning: An equivalent definition of Item 'PSC_NO_SIGNATURES_ITEM' already exists. Using existing instance.
Information: Updating ITEM 'PSC_NO_QUERIES_ITEM'...
Warning: An equivalent definition of Item 'PSC_NO_QUERIES_ITEM' already exists. Using existing instance.
Information: Updating ITEM 'PSC_NO_SOURCEVERIFICATION_ITEM'...
Warning: An equivalent definition of Item 'PSC_NO_SOURCEVERIFICATION_ITEM' already exists. Using existing instance.
Information: Updating ITEM 'PSC_NO_NEWSITE_ITEM'...
Warning: An equivalent definition of Item 'PSC_NO_NEWSITE_ITEM' already exists. Using existing instance.
Information: Updating SECTION 'PSC_SECT'...
Warning: An equivalent definition of Section 'PSC_SECT' already exists. Using existing instance.
Information: Updating SECTION 'PSC_SECT2'...
Warning: An equivalent definition of Section 'PSC_SECT2' already exists. Using existing instance.
Information: Updating FORM 'PSC_FORM'...
End cooking response file 'E:\Custom\i3ymcjpbz\FastStart\20160506CRQ000000760603\Resources\Resources.rsp'


Completed successfully.

End Time: Saturday, May 07, 2016   05:54:17

0 errors.
