MMV0LLYINFP0118 : MedML Installer : i8bmcitrn

Start Time: Friday, June 23, 2017   19:10:23

Begin cooking response file 'E:\Custom\i8bmcitrn\FastStart\20170623CRQ000000838813\Admin\Customer\AdminCustomer.rsp'


Cooking file 'E:\Custom\i8bmcitrn\FastStart\20170623CRQ000000838813\Admin\Customer\InsertUsers.xml'
Information: Inserting USER "c227906"
Information: Inserting USER "z1x1826"
Information: Inserting USER "z2x2461"
Information: Inserting USER "z1x1861"
Information: Inserting USER "shofmann"
Information: Inserting USER "z2x7246"
Information: Inserting USER "c226977"
Information: Inserting USER "c235968"
Information: Inserting USER "c239136"
Information: Inserting USER "z1x2072"
Information: Inserting USER "c243497"
Information: Inserting USER "z2x9961"
Information: Inserting USER "c230206"
Information: Inserting USER "c234576"
Information: Inserting USER "bgaebstrasas"
Information: Inserting USER "asegner"
Information: Inserting USER "ehaak"
Information: Inserting USER "iullrich"
Information: Inserting USER "sprasad"
Information: Inserting USER "shalani"
Information: Inserting USER "cguglielmi"
Information: Inserting USER "dnikolic"
Information: Inserting USER "cmannina"
Information: Inserting USER "rchianetta"
Information: Inserting USER "rvgiglio"
Information: Inserting USER "rnunezmarquez"
Information: Inserting USER "msalazarparra"
Information: Inserting USER "jorozcogutierrez"
Information: Inserting USER "lborg"
Information: Inserting USER "jrosenstock"
Information: Inserting USER "bfinley"
Information: Inserting USER "haudish"
Information: Inserting USER "ebarranco"
Information: Inserting USER "tblevins"
Information: Inserting USER "pbononi"
Information: Inserting USER "tchaichabrom"
Information: Inserting USER "gcortesmaisonet"
Information: Inserting USER "jfrias"
Information: Inserting USER "cburton"
Information: Inserting USER "mmartin"
Information: Inserting USER "llewyalterbaum"
Information: Inserting USER "awells"
Information: Inserting USER "mdukett"
Information: Inserting USER "jho"
Information: Inserting USER "blanders"
Information: Inserting USER "vprettico"
Information: Inserting USER "spedraza"
Information: Inserting USER "mguerrero"
Information: Inserting USER "moliver"
Information: Inserting USER "ngarcia"
Information: Inserting USER "cburns"
Information: Inserting USER "mrizzo"
Information: Inserting USER "rcitarella"
Information: Inserting USER "gcastellino"
Information: Inserting USER "smdiliberto"
Information: Inserting USER "aflores"
Information: Inserting USER "jgonzalezgonzalez"
Information: Inserting USER "scaballerogonzalez"
Information: Inserting USER "epelayoorozco"
Information: Inserting USER "abhargava"
Information: Inserting USER "sarora"
Information: Inserting USER "apatterson"
Information: Inserting USER "iarroyo"
Information: Inserting USER "lahn"
Information: Inserting USER "mbain"
Information: Inserting USER "elopez"
Information: Inserting USER "lmirandamartinez"
Information: Inserting USER "rfink"
Information: Inserting USER "dfitz-patrick"
Information: Inserting USER "jgandhi"
Information: Inserting USER "lklaff"
Information: Inserting USER "cmontoya"
Information: Inserting USER "bmcconnehey"
Information: Inserting USER "fmikell"
Information: Inserting USER "snakhle"
Information: Inserting USER "pnorwood"
Information: Inserting USER "ddesalle"
Information: Inserting USER "rortiz-carrasquillo"
Information: Inserting USER "lflores"
Information: Inserting USER "ssandry"
Information: Inserting USER "apinero-pilona"
Information: Inserting USER "tkendall"
Information: Inserting USER "apascal"
Information: Inserting USER "lstonesifer"
Information: Inserting USER "jvan"
Information: Inserting USER "cvance"
Information: Inserting USER "mwelch"
Information: Inserting USER "eleal"
Information: Inserting USER "awynne"
Information: Inserting USER "szweig"
Information: Inserting USER "myang"
Information: Inserting USER "mrivera"
Information: Inserting USER "crail"
Information: Inserting USER "akay"
Information: Inserting USER "lmercado"
Information: Inserting USER "cinman"
Information: Inserting USER "mcruz"
Information: Inserting USER "kagro"
Information: Inserting USER "tlovieyokem"
Information: Inserting USER "mdiago"
Information: Inserting USER "c241301"
Information: Inserting USER "c240719"
Information: Inserting USER "z2x6036"
Information: Inserting USER "c232959"
Information: Inserting USER "z1x1807"
Information: Inserting USER "z1x0689"
Information: Inserting USER "c218387"
Information: Inserting USER "z1x0699"
Information: Inserting USER "c241049"
Information: Inserting USER "c242122"
Information: Inserting USER "z2x4239"
Information: Inserting USER "z3x1553"
Information: Inserting USER "c239135"
Information: Inserting USER "mhennerici"
Information: Inserting USER "aromanski"
Information: Inserting USER "lhecht"
Information: Inserting USER "dbraun"
Information: Inserting USER "svidal"
Information: Inserting USER "eruff"
Information: Inserting USER "iwoehr"
Information: Inserting USER "ddahl"
Information: Inserting USER "khendel"
Information: Inserting USER "jotero"
Information: Inserting USER "bpalal"
Information: Inserting USER "akersey"
Information: Inserting USER "msheikh-ali"
Information: Inserting USER "ksivalingam"
Information: Inserting USER "gsoucie"
Information: Inserting USER "cstock"
Information: Inserting USER "firani"
Information: Inserting USER "nmcgraw"
Information: Inserting USER "c242916"
Information: Inserting USER "jaseo"
Information: Inserting USER "c233952"
Information: Inserting USER "eita"
Information: Inserting USER "rm81211"
Information: Inserting USER "u8x8366"
Information: Inserting USER "c231944"
Information: Inserting USER "c242550"
Information: Inserting USER "i8bmcitrn_RE"
Information: Inserting USER "vbenincasa"
Information: Inserting USER "ggoldsztejn"
Information: Inserting USER "lgoldsztejn"
Information: Inserting USER "fperezmanghi"
Information: Inserting USER "myantorno"
Information: Inserting USER "swkim"
Information: Inserting USER "yhjeong"
Information: Inserting USER "jdivinec"
Information: Inserting USER "iprokopova"
Information: Inserting USER "emalicherova"
Information: Inserting USER "eroderova"
Information: Inserting USER "ktravova"
Information: Inserting USER "dsmutek"
Information: Inserting USER "mskovranova"
Information: Inserting USER "lkubickova"
Information: Inserting USER "dbartaskova"
Information: Inserting USER "khalova"
Information: Inserting USER "nkesmarki"
Information: Inserting USER "coder_query"
Information: Inserting USER "rm87618"
Information: Inserting USER "z1x9560"
Information: Inserting USER "wf84509"
Information: Inserting USER "c242557"
Information: Inserting USER "syyoo"
Information: Inserting USER "erigo"
Information: Inserting USER "eadorjani"
Information: Inserting USER "apeterfalvi"
Information: Inserting USER "phertzka"
Information: Inserting USER "anadasdi"
Information: Inserting USER "mengland"
Information: Inserting USER "pdwyer"
Information: Inserting USER "mmayor"
Information: Inserting USER "mrodino"
Information: Inserting USER "spark"
Information: Inserting USER "mkim"
Information: Inserting USER "jseo"
Information: Inserting USER "kpark"
Information: Inserting USER "ylee"
Information: Inserting USER "crodino"
Information: Inserting USER "mgkim"
Information: Inserting USER "cmateo"
Information: Inserting USER "dveverova"
Information: Inserting USER "kanderlova"
Information: Inserting USER "vtouskova"
Information: Inserting USER "phabrdova"
Information: Inserting USER "jkostarova"
Information: Inserting USER "gkreckova"
Information: Inserting USER "tbalint"
Information: Inserting USER "mtanko"
Information: Inserting USER "aszocs"
Information: Inserting USER "zkerenyi"
Information: Inserting USER "lcsubak"
Information: Inserting USER "pkisgombos"
Information: Inserting USER "kwudi"
Information: Inserting USER "sstranks"
Information: Inserting USER "slee"
Information: Inserting USER "syoo"
Information: Inserting USER "yjeong"
Information: Inserting USER "ebaek"
Information: Inserting USER "gkim"
Information: Inserting USER "hkim"
Information: Inserting USER "mmoon"
Information: Inserting USER "ysung"
Information: Inserting USER "yhsu"
Information: Inserting USER "sjlee"
Information: Inserting USER "swchung"
Information: Inserting USER "mkuhrova"
Information: Inserting USER "tedelsberger"
Information: Inserting USER "pfleischhansova"
Information: Inserting USER "kkolomaznikova"
Information: Inserting USER "ys07707"
Information: Inserting USER "z1x3734"
Information: Inserting USER "ptaylor"
Information: Inserting USER "sbaik"
Information: Inserting USER "skim"
Information: Inserting USER "akang"
Information: Inserting USER "jyoon"
Information: Inserting USER "ZPFlbalubar"
Information: Inserting USER "ZPFnvergara"
Information: Inserting USER "ZPFtcabanes"
Information: Inserting USER "ZPFmandone"
Information: Inserting USER "ZPFgkrucso"
Information: Inserting USER "ZPFabalogh"
Information: Inserting USER "ZPFcmolom"
Information: Inserting USER "ZPFaverpeleti"
Information: Inserting USER "ZPFkbarkoczi"
Information: Inserting USER "ZPFtszabo"
Information: Inserting USER "ZPFralorico"
Information: Inserting USER "ZPFpvallar"
Information: Inserting USER "ZPFedervishaj"
Information: Inserting USER "ZPFoely"
Information: Inserting USER "ZPFkkovacs"
Information: Inserting USER "ZPFfvarga"
Information: Inserting USER "ZPFapervaiz"
Information: Inserting USER "ZPFvzdirko"
Information: Inserting USER "ZPFmlalangan"
Information: Inserting USER "ZPFlcseke"
Information: Inserting USER "ZPFasomogyi"
Information: Inserting USER "ZPFtfabian"
Information: Inserting USER "ZPFjistenes"
Information: Inserting USER "ZPFawarsama"
Information: Inserting USER "ZPFnreis"
Information: Inserting USER "ZPFijohl"
Information: Inserting USER "ZPFddiomede"
Information: Inserting USER "ZPFnqi"
Information: Inserting USER "ZPFgyvarga"
Information: Inserting USER "ZPFprojas"
Information: Inserting USER "ZPFdnagy"
Information: Inserting USER "ZPFstayco"
Information: Inserting USER "ZPFlmate"
Information: Inserting USER "ZPFsaguilar"
Information: Inserting USER "ZPFskholti"
Information: Inserting USER "ZPFkcsobalyka"
Information: Inserting USER "ZPFrducusin"
Information: Inserting USER "ZPFklim"
Information: Inserting USER "ZPFsdasilva"
Information: Inserting USER "ZPFkcco"
Information: Inserting USER "ZPFekosa"
Information: Inserting USER "ZPFmtoth"

Cooking file 'E:\Custom\i8bmcitrn\FastStart\20170623CRQ000000838813\Admin\Customer\SystemConfig.xml'
Information: Parsing SYSCONFIG EnrollWithIncompleteForms with value 0
Information: Parsing SYSCONFIG USERNAMEORDER with value F,L
Information: Parsing SYSCONFIG RequireCommentForNA with value 0
Information: Parsing SYSCONFIG AutoAnswerManualQueries with value 1
Information: Parsing SYSCONFIG QueryMaxLength with value 160
Information: Parsing SYSCONFIG UNIQUEINTLDOBSWTCH with value 0
Information: Parsing SYSCONFIG UNIQUEPATIDSWTCH with value 2
Information: Parsing SYSCONFIG SPONSOREDITFROZEN with value 0
Information: Parsing SYSCONFIG TrialDateFormat with value Day_Month_Year
Information: Parsing SYSCONFIG NavigationMode with value 1
Information: Parsing SYSCONFIG MinutesReauthenticate with value 15
Information: Parsing SYSCONFIG DaysPasswordExpiration with value 60
Information: Parsing SYSCONFIG MinutesReIdentification with value 120
Information: Parsing SYSCONFIG MinPasswordLength with value 8
Information: Parsing SYSCONFIG InactivateRetryCount with value 5
Information: Parsing SYSCONFIG OneNumericalCharacter with value 1
Information: Parsing SYSCONFIG OneUppercaseCharacter with value 1
Information: Parsing SYSCONFIG OneNonAlphaNumericCharacter with value 0
Information: Parsing SYSCONFIG AllowPasswordReuse with value 1
Information: Parsing SYSCONFIG EnableForgotPassword with value 1
Information: Parsing SYSCONFIG EnforceVisitDate with value 0
Information: Parsing SYSCONFIG ViewCRFSignList with value 1
Information: Parsing SYSCONFIG NumOfExePlanListenThreads with value 1
Information: Parsing SYSCONFIG MaxNumOfResubmissions with value 1
Information: Parsing SYSCONFIG PostQueryForConflictResolution with value 0
Information: Parsing SYSCONFIG SSLFlag with value 1
Information: Parsing SYSCONFIG ScreeningSequence with value SN:1%04q
Information: Parsing SYSCONFIG RandomizationSrc with value Inform.PFRandomization.1
Information: Parsing SYSCONFIG FormSaveMode with value 1
Information: Parsing SYSCONFIG InlineDuration with value 3
Information: Parsing SYSCONFIG QuerySelection with value QUERYACTION_CREATEOPEN

Cooking file 'E:\Custom\i8bmcitrn\FastStart\20170623CRQ000000838813\Admin\Customer\InsertSites.xml'

Cooking file 'E:\Custom\i8bmcitrn\FastStart\20170623CRQ000000838813\Admin\Customer\InsertSiteGroups.xml'

Cooking file 'E:\Custom\i8bmcitrn\FastStart\20170623CRQ000000838813\Admin\Customer\InsertRightsGroups.xml'

Cooking file 'E:\Custom\i8bmcitrn\FastStart\20170623CRQ000000838813\Admin\Customer\InsertGroups.xml'

Cooking file 'E:\Custom\i8bmcitrn\FastStart\20170623CRQ000000838813\Admin\Customer\InsertUser-Roles.xml'

Cooking file 'E:\Custom\i8bmcitrn\FastStart\20170623CRQ000000838813\Admin\Customer\SignatureCRF.xml'

Cooking file 'E:\Custom\i8bmcitrn\FastStart\20170623CRQ000000838813\Admin\Customer\InsertUser-Groups.xml'

Cooking file 'E:\Custom\i8bmcitrn\FastStart\20170623CRQ000000838813\Admin\Customer\InsertItemGroups.xml'

Cooking file 'E:\Custom\i8bmcitrn\FastStart\20170623CRQ000000838813\Admin\Customer\InsertRoleItemGroup.xml'

Cooking file 'E:\Custom\i8bmcitrn\FastStart\20170623CRQ000000838813\Admin\Customer\Sponsor.xml'
Information: Inserting Sponsor 'Eli Lilly'
End cooking response file 'E:\Custom\i8bmcitrn\FastStart\20170623CRQ000000838813\Admin\Customer\AdminCustomer.rsp'

Begin cooking response file 'E:\Custom\i8bmcitrn\FastStart\20170623CRQ000000838813\Resources\Resources.rsp'


Cooking file 'E:\Custom\i8bmcitrn\FastStart\20170623CRQ000000838813\Resources\Resources.xml'
Information: Updating RESOURCE PF_RESOURCE_GENERIC_ENROLLMENTCONFIRM
Information: Updating RESOURCE PF_RESOURCE_GENERIC_VISITCALCULATOR
Information: Updating RESOURCE PF_RESOURCE_GENERIC_SCRIPT_MAIN
Information: Parsing HTMLTEMPLATE PF_SCRIPT_MAIN
Warning: HTML Template "PF_SCRIPT_MAIN" already exists for Browser "GENERIC"..Skipping
Information: Updating RESOURCE 6C
Information: Updating RESOURCE PF_RESOURCE_GENERIC_LOGIN
Information: Adding RESOURCE 151

Cooking file 'E:\Custom\i8bmcitrn\FastStart\20170623CRQ000000838813\Resources\sysform_PatientSiteChange.xml'
Information: Updating PFELEMENT '_SYS_PSC_UNKNSTR'...
Warning: An equivalent definition of element '_SYS_PSC_UNKNSTR' already exists. Using existing instance.
Information: Updating TEXTCONTROL 'PSC_CURRENTSITE_CONTROL'...
Warning: An equivalent definition of text control 'PSC_CURRENTSITE_CONTROL' already exists. Using existing instance.
Information: Updating TEXTCONTROL 'PSC_PATIENTNUMBER_CONTROL'...
Warning: An equivalent definition of text control 'PSC_PATIENTNUMBER_CONTROL' already exists. Using existing instance.
Information: Updating TEXTCONTROL 'PSC_SIGNATURES_CONTROL'...
Warning: An equivalent definition of text control 'PSC_SIGNATURES_CONTROL' already exists. Using existing instance.
Information: Updating TEXTCONTROL 'PSC_QUERIES_CONTROL'...
Warning: An equivalent definition of text control 'PSC_QUERIES_CONTROL' already exists. Using existing instance.
Information: Updating TEXTCONTROL 'PSC_SOURCEVERIFICATION_CONTROL'...
Warning: An equivalent definition of text control 'PSC_SOURCEVERIFICATION_CONTROL' already exists. Using existing instance.
Information: Updating TEXTCONTROL 'PSC_NO_SIGNATURES_CONTROL'...
Warning: An equivalent definition of text control 'PSC_NO_SIGNATURES_CONTROL' already exists. Using existing instance.
Information: Updating TEXTCONTROL 'PSC_NO_QUERIES_CONTROL'...
Warning: An equivalent definition of text control 'PSC_NO_QUERIES_CONTROL' already exists. Using existing instance.
Information: Updating TEXTCONTROL 'PSC_NO_SOURCEVERIFICATION_CONTROL'...
Warning: An equivalent definition of text control 'PSC_NO_SOURCEVERIFICATION_CONTROL' already exists. Using existing instance.
Information: Updating PULLDOWNCONTROL 'PSC_NEWSITE_CONTROL'...
Warning: An equivalent definition of pulldown control 'PSC_NEWSITE_CONTROL' already exists. Using existing instance.
Information: Updating TEXTCONTROL 'PSC_NO_NEWSITE_CONTROL'...
Warning: An equivalent definition of text control 'PSC_NO_NEWSITE_CONTROL' already exists. Using existing instance.
Information: Updating PFELEMENT 'PSC_REASON11'...
Warning: An equivalent definition of element 'PSC_REASON11' already exists. Using existing instance.
Information: Updating PFELEMENT 'PSC_REASON21'...
Warning: An equivalent definition of element 'PSC_REASON21' already exists. Using existing instance.
Information: Updating PFELEMENT 'PSC_REASON3'...
Warning: An equivalent definition of element 'PSC_REASON3' already exists. Using existing instance.
Information: Updating TEXTCONTROL 'PSC_OTHERREASONTEXT'...
Warning: An equivalent definition of text control 'PSC_OTHERREASONTEXT' already exists. Using existing instance.
Information: Updating PULLDOWNCONTROL 'PSC_CHANGEREASONPULLDOWN'...
Warning: An equivalent definition of pulldown control 'PSC_CHANGEREASONPULLDOWN' already exists. Using existing instance.
Information: Updating RADIOCONTROL 'PSC_REASON_CONTROL'...
Warning: The child control 'PSC_CHANGEREASONPULLDOWN' in the radio group 'PSC_REASON_CONTROL' does not have a selection value defined.  (A selection value will be generated by default.)
Warning: The child control 'PSC_OTHERREASONTEXT' in the radio group 'PSC_REASON_CONTROL' does not have a selection value defined.  (A selection value will be generated by default.)
Warning: An equivalent definition of control group 'PSC_REASON_CONTROL' already exists. Using existing instance.
Information: Updating PFELEMENT '_SYS_PSC_YES'...
Warning: An equivalent definition of element '_SYS_PSC_YES' already exists. Using existing instance.
Information: Updating PFELEMENT '_SYS_PSC_NO'...
Warning: An equivalent definition of element '_SYS_PSC_NO' already exists. Using existing instance.
Information: Updating SIMPLECONTROL 'PSC_YES'...
Warning: An equivalent definition of simple control 'PSC_YES' already exists. Using existing instance.
Information: Updating SIMPLECONTROL 'PSC_NO'...
Warning: An equivalent definition of simple control 'PSC_NO' already exists. Using existing instance.
Information: Updating ITEM 'PSC_CURRENTSITE_ITEM'...
Warning: An equivalent definition of Item 'PSC_CURRENTSITE_ITEM' already exists. Using existing instance.
Information: Updating ITEM 'PSC_NEWSITE_ITEM'...
Warning: An equivalent definition of Item 'PSC_NEWSITE_ITEM' already exists. Using existing instance.
Information: Updating ITEM 'PSC_PATIENTNUMBER_ITEM'...
Warning: An equivalent definition of Item 'PSC_PATIENTNUMBER_ITEM' already exists. Using existing instance.
Information: Updating ITEM 'PSC_REASON_ITEM'...
Warning: An equivalent definition of Item 'PSC_REASON_ITEM' already exists. Using existing instance.
Information: Updating ITEM 'PSC_SIGNATURES_ITEM'...
Warning: An equivalent definition of Item 'PSC_SIGNATURES_ITEM' already exists. Using existing instance.
Information: Updating ITEM 'PSC_QUERIES_ITEM'...
Warning: An equivalent definition of Item 'PSC_QUERIES_ITEM' already exists. Using existing instance.
Information: Updating ITEM 'PSC_SOURCEVERIFICATION_ITEM'...
Warning: An equivalent definition of Item 'PSC_SOURCEVERIFICATION_ITEM' already exists. Using existing instance.
Information: Updating ITEM 'PSC_NO_SIGNATURES_ITEM'...
Warning: An equivalent definition of Item 'PSC_NO_SIGNATURES_ITEM' already exists. Using existing instance.
Information: Updating ITEM 'PSC_NO_QUERIES_ITEM'...
Warning: An equivalent definition of Item 'PSC_NO_QUERIES_ITEM' already exists. Using existing instance.
Information: Updating ITEM 'PSC_NO_SOURCEVERIFICATION_ITEM'...
Warning: An equivalent definition of Item 'PSC_NO_SOURCEVERIFICATION_ITEM' already exists. Using existing instance.
Information: Updating ITEM 'PSC_NO_NEWSITE_ITEM'...
Warning: An equivalent definition of Item 'PSC_NO_NEWSITE_ITEM' already exists. Using existing instance.
Information: Updating SECTION 'PSC_SECT'...
Warning: An equivalent definition of Section 'PSC_SECT' already exists. Using existing instance.
Information: Updating SECTION 'PSC_SECT2'...
Warning: An equivalent definition of Section 'PSC_SECT2' already exists. Using existing instance.
Information: Updating FORM 'PSC_FORM'...
End cooking response file 'E:\Custom\i8bmcitrn\FastStart\20170623CRQ000000838813\Resources\Resources.rsp'


Completed successfully.

End Time: Friday, June 23, 2017   19:25:29

0 errors.
