MMV0LLYINFP0118 : MedML Installer : i8bmcitrn

Start Time: Friday, June 23, 2017   20:18:25


Cooking file 'e:\custom\i8bmcitrn\faststart\20170623crq000000838813\admin\customer\svsite.xml'
Information: Associating study version 'I8B_MC_ITRN 1.0.1' with site '209'
Information: Associating study version 'I8B_MC_ITRN 1.0.1' with site '207'
Information: Associating study version 'I8B_MC_ITRN 1.0.1' with site '205'
Information: Associating study version 'I8B_MC_ITRN 1.0.1' with site '208'
Information: Associating study version 'I8B_MC_ITRN 1.0.1' with site '206'
Information: Associating study version 'I8B_MC_ITRN 1.0.1' with site '202'
Information: Associating study version 'I8B_MC_ITRN 1.0.1' with site '204'
Information: Associating study version 'I8B_MC_ITRN 1.0.1' with site '230'
Information: Associating study version 'I8B_MC_ITRN 1.0.1' with site '228'
Information: Associating study version 'I8B_MC_ITRN 1.0.1' with site '575'
Information: Associating study version 'I8B_MC_ITRN 1.0.1' with site '231'
Information: Associating study version 'I8B_MC_ITRN 1.0.1' with site '227'
Information: Associating study version 'I8B_MC_ITRN 1.0.1' with site '225'
Information: Associating study version 'I8B_MC_ITRN 1.0.1' with site '302'
Information: Associating study version 'I8B_MC_ITRN 1.0.1' with site '304'
Information: Associating study version 'I8B_MC_ITRN 1.0.1' with site '303'
Information: Associating study version 'I8B_MC_ITRN 1.0.1' with site '301'
Information: Associating study version 'I8B_MC_ITRN 1.0.1' with site '300'
Information: Associating study version 'I8B_MC_ITRN 1.0.1' with site '333'
Information: Associating study version 'I8B_MC_ITRN 1.0.1' with site '331'
Information: Associating study version 'I8B_MC_ITRN 1.0.1' with site '329'
Information: Associating study version 'I8B_MC_ITRN 1.0.1' with site '327'
Information: Associating study version 'I8B_MC_ITRN 1.0.1' with site '334'
Information: Associating study version 'I8B_MC_ITRN 1.0.1' with site '332'
Information: Associating study version 'I8B_MC_ITRN 1.0.1' with site '330'
Information: Associating study version 'I8B_MC_ITRN 1.0.1' with site '328'
Information: Associating study version 'I8B_MC_ITRN 1.0.1' with site '326'
Information: Associating study version 'I8B_MC_ITRN 1.0.1' with site '404'
Information: Associating study version 'I8B_MC_ITRN 1.0.1' with site '402'
Information: Associating study version 'I8B_MC_ITRN 1.0.1' with site '400'
Information: Associating study version 'I8B_MC_ITRN 1.0.1' with site '403'
Information: Associating study version 'I8B_MC_ITRN 1.0.1' with site '401'
Information: Associating study version 'I8B_MC_ITRN 1.0.1' with site '430'
Information: Associating study version 'I8B_MC_ITRN 1.0.1' with site '429'
Information: Associating study version 'I8B_MC_ITRN 1.0.1' with site '426'
Information: Associating study version 'I8B_MC_ITRN 1.0.1' with site '440'
Information: Associating study version 'I8B_MC_ITRN 1.0.1' with site '431'
Information: Associating study version 'I8B_MC_ITRN 1.0.1' with site '427'
Information: Associating study version 'I8B_MC_ITRN 1.0.1' with site '444'
Information: Associating study version 'I8B_MC_ITRN 1.0.1' with site '436'
Information: Associating study version 'I8B_MC_ITRN 1.0.1' with site '425'
Information: Associating study version 'I8B_MC_ITRN 1.0.1' with site '479'
Information: Associating study version 'I8B_MC_ITRN 1.0.1' with site '478'
Information: Associating study version 'I8B_MC_ITRN 1.0.1' with site '481'
Information: Associating study version 'I8B_MC_ITRN 1.0.1' with site '480'
Information: Associating study version 'I8B_MC_ITRN 1.0.1' with site '589'
Information: Associating study version 'I8B_MC_ITRN 1.0.1' with site '588'
Information: Associating study version 'I8B_MC_ITRN 1.0.1' with site '587'
Information: Associating study version 'I8B_MC_ITRN 1.0.1' with site '582'
Information: Associating study version 'I8B_MC_ITRN 1.0.1' with site '576'
Information: Associating study version 'I8B_MC_ITRN 1.0.1' with site '800'
Information: Associating study version 'I8B_MC_ITRN 1.0.1' with site '586'
Information: Associating study version 'I8B_MC_ITRN 1.0.1' with site '585'
Information: Associating study version 'I8B_MC_ITRN 1.0.1' with site '584'
Information: Associating study version 'I8B_MC_ITRN 1.0.1' with site '583'
Information: Associating study version 'I8B_MC_ITRN 1.0.1' with site '581'
Information: Associating study version 'I8B_MC_ITRN 1.0.1' with site '580'
Information: Associating study version 'I8B_MC_ITRN 1.0.1' with site '579'
Information: Associating study version 'I8B_MC_ITRN 1.0.1' with site '578'
Information: Associating study version 'I8B_MC_ITRN 1.0.1' with site '577'
Information: Associating study version 'I8B_MC_ITRN 1.0.1' with site '603'
Information: Associating study version 'I8B_MC_ITRN 1.0.1' with site '601'
Information: Associating study version 'I8B_MC_ITRN 1.0.1' with site '602'
Information: Associating study version 'I8B_MC_ITRN 1.0.1' with site '600'
Information: Associating study version 'I8B_MC_ITRN 1.0.1' with site '752'
Information: Associating study version 'I8B_MC_ITRN 1.0.1' with site '757'
Information: Associating study version 'I8B_MC_ITRN 1.0.1' with site '755'
Information: Associating study version 'I8B_MC_ITRN 1.0.1' with site '754'
Information: Associating study version 'I8B_MC_ITRN 1.0.1' with site '808'
Information: Associating study version 'I8B_MC_ITRN 1.0.1' with site '805'
Information: Associating study version 'I8B_MC_ITRN 1.0.1' with site '802'
Information: Associating study version 'I8B_MC_ITRN 1.0.1' with site '801'
Information: Associating study version 'I8B_MC_ITRN 1.0.1' with site '115'
Information: Associating study version 'I8B_MC_ITRN 1.0.1' with site '164'
Information: Associating study version 'I8B_MC_ITRN 1.0.1' with site '149'
Information: Associating study version 'I8B_MC_ITRN 1.0.1' with site '148'
Information: Associating study version 'I8B_MC_ITRN 1.0.1' with site '146'
Information: Associating study version 'I8B_MC_ITRN 1.0.1' with site '139'
Information: Associating study version 'I8B_MC_ITRN 1.0.1' with site '133'
Information: Associating study version 'I8B_MC_ITRN 1.0.1' with site '116'
Information: Associating study version 'I8B_MC_ITRN 1.0.1' with site '114'
Information: Associating study version 'I8B_MC_ITRN 1.0.1' with site '103'
Information: Associating study version 'I8B_MC_ITRN 1.0.1' with site '134'
Information: Associating study version 'I8B_MC_ITRN 1.0.1' with site '124'
Information: Associating study version 'I8B_MC_ITRN 1.0.1' with site '154'
Information: Associating study version 'I8B_MC_ITRN 1.0.1' with site '147'
Information: Associating study version 'I8B_MC_ITRN 1.0.1' with site '129'
Information: Associating study version 'I8B_MC_ITRN 1.0.1' with site '150'
Information: Associating study version 'I8B_MC_ITRN 1.0.1' with site '160'
Information: Associating study version 'I8B_MC_ITRN 1.0.1' with site '159'
Information: Associating study version 'I8B_MC_ITRN 1.0.1' with site '144'
Information: Associating study version 'I8B_MC_ITRN 1.0.1' with site '141'
Information: Associating study version 'I8B_MC_ITRN 1.0.1' with site '111'
Information: Associating study version 'I8B_MC_ITRN 1.0.1' with site '107'
Information: Associating study version 'I8B_MC_ITRN 1.0.1' with site '101'
Information: Associating study version 'I8B_MC_ITRN 1.0.1' with site '158'
Information: Associating study version 'I8B_MC_ITRN 1.0.1' with site '143'
Information: Associating study version 'I8B_MC_ITRN 1.0.1' with site '132'
Information: Associating study version 'I8B_MC_ITRN 1.0.1' with site '100'
Information: Associating study version 'I8B_MC_ITRN 1.0.1' with site '135'
Information: Associating study version 'I8B_MC_ITRN 1.0.1' with site '125'
Information: Associating study version 'I8B_MC_ITRN 1.0.1' with site '102'
Information: Associating study version 'I8B_MC_ITRN 1.0.1' with site '126'
Information: Associating study version 'I8B_MC_ITRN 1.0.1' with site '117'
Information: Associating study version 'I8B_MC_ITRN 1.0.1' with site '109'
Information: Associating study version 'I8B_MC_ITRN 1.0.1' with site '151'
Information: Associating study version 'I8B_MC_ITRN 1.0.1' with site '137'
Information: Associating study version 'I8B_MC_ITRN 1.0.1' with site '136'
Information: Associating study version 'I8B_MC_ITRN 1.0.1' with site '113'
Information: Associating study version 'I8B_MC_ITRN 1.0.1' with site '106'

Completed successfully.

End Time: Friday, June 23, 2017   20:19:01

0 errors.
Cooking the Sectionupdate xml  
ECHO is off.
