MMV0LLYINFP0080 : MedML Installer : i8xmcjeca

Start Time: Wednesday, October 05, 2016   01:32:15

Begin cooking response file 'E:\Custom\i8xmcjeca\FastStart\20161004CRQ000000788186\Admin\Customer\AdminCustomer.rsp'


Cooking file 'E:\Custom\i8xmcjeca\FastStart\20161004CRQ000000788186\Admin\Customer\InsertUsers.xml'
Information: Inserting USER "jrodon"
Information: Inserting USER "lcarbonell"
Information: Inserting USER "coder_query"
Information: Inserting USER "c232964"
Information: Inserting USER "z3x2517"
Information: Inserting USER "c226040"
Information: Inserting USER "z1x3734"
Information: Inserting USER "c083101"
Information: Inserting USER "rm90029"
Information: Inserting USER "c069132"
Information: Inserting USER "c057362"
Information: Inserting USER "v6x8058"
Information: Inserting USER "dhong"
Information: Inserting USER "cmassard"
Information: Inserting USER "c090108"
Information: Inserting USER "c039853"
Information: Inserting USER "c074090"
Information: Inserting USER "c085302"
Information: Inserting USER "c074342"
Information: Inserting USER "c149177"
Information: Inserting USER "c131994"
Information: Inserting USER "yex7972"
Information: Inserting USER "c025980"
Information: Inserting USER "c137396"
Information: Inserting USER "c075541"
Information: Inserting USER "c074429"
Information: Inserting USER "c026390"
Information: Inserting USER "yex8021"
Information: Inserting USER "c058698"
Information: Inserting USER "u7x2510"
Information: Inserting USER "yex7920"
Information: Inserting USER "rm36132"
Information: Inserting USER "a511471"
Information: Inserting USER "rm80655"
Information: Inserting USER "c199642"
Information: Inserting USER "c223292"
Information: Inserting USER "c068502"
Information: Inserting USER "c228246"
Information: Inserting USER "c228248"
Information: Inserting USER "c068505"
Information: Inserting USER "c149066"
Information: Inserting USER "c021984"
Information: Inserting USER "rm35504"
Information: Inserting USER "ye91098"
Information: Inserting USER "v6x8356"
Information: Inserting USER "c039863"
Information: Inserting USER "c219898"
Information: Inserting USER "c196248"
Information: Inserting USER "c218621"
Information: Inserting USER "c196683"
Information: Inserting USER "c228249"
Information: Inserting USER "c228247"
Information: Inserting USER "c228250"
Information: Inserting USER "z2x3232"
Information: Inserting USER "c229511"
Information: Inserting USER "amartinez"
Information: Inserting USER "JECA_RE"
Information: Inserting USER "c018771"
Information: Inserting USER "wa00899"
Information: Inserting USER "va05297"
Information: Inserting USER "z1x9560"
Information: Inserting USER "c149176"
Information: Inserting USER "a701824"
Information: Inserting USER "c026393"
Information: Inserting USER "a608760"
Information: Inserting USER "a608261"
Information: Inserting USER "c143125"
Information: Inserting USER "c135748"
Information: Inserting USER "c149470"
Information: Inserting USER "a803075"
Information: Inserting USER "rm87794"
Information: Inserting USER "c003859"
Information: Inserting USER "c079244"
Information: Inserting USER "rm89018"
Information: Inserting USER "c015393"
Information: Inserting USER "c071673"
Information: Inserting USER "uvu"
Information: Inserting USER "alagache"
Information: Inserting USER "c206591"
Information: Inserting USER "C239759"
Information: Inserting USER "C224889"
Information: Inserting USER "ZPFstayco"
Information: Inserting USER "ZPFtcabanes"
Information: Inserting USER "ZPFtfabian"
Information: Inserting USER "ZPFtszabo"
Information: Inserting USER "ZPFvzdirko"
Information: Inserting USER "ZPFkbarkoczi"
Information: Inserting USER "ZPFabalogh"
Information: Inserting USER "ZPFckalinyak"
Information: Inserting USER "ZPFcmolom"
Information: Inserting USER "ZPFdnagy"
Information: Inserting USER "ZPFedervishaj"
Information: Inserting USER "ZPFepenzes"
Information: Inserting USER "ZPFmandone"
Information: Inserting USER "ZPFnkovacs"
Information: Inserting USER "ZPFobodnar"
Information: Inserting USER "ZPFprojas"
Information: Inserting USER "ZPFpvamos"
Information: Inserting USER "ZPFrcalorico"
Information: Inserting USER "ZPFrducusin"
Information: Inserting USER "ZPFsdamato"
Information: Inserting USER "ZPFaktoth"
Information: Inserting USER "ZPFapervaiz"
Information: Inserting USER "ZPFasomogyi"
Information: Inserting USER "ZPFaterjek"
Information: Inserting USER "ZPFawarsama"
Information: Inserting USER "ZPFcmercado"
Information: Inserting USER "ZPFddiomede"
Information: Inserting USER "ZPFdvittay"
Information: Inserting USER "ZPFekosa"
Information: Inserting USER "ZPFfillesy"
Information: Inserting USER "ZPFfvarga"
Information: Inserting USER "ZPFgkrucso"
Information: Inserting USER "ZPFgyvarga"
Information: Inserting USER "ZPFijohl"
Information: Inserting USER "ZPFjistenes"
Information: Inserting USER "ZPFkcco"
Information: Inserting USER "ZPFkcsobalyka"
Information: Inserting USER "ZPFkkovacs"
Information: Inserting USER "ZPFklim"
Information: Inserting USER "ZPFkpinter"
Information: Inserting USER "ZPFlbalubar"
Information: Inserting USER "ZPFlcseke"
Information: Inserting USER "ZPFlmate"
Information: Inserting USER "ZPFmkhella"
Information: Inserting USER "ZPFmtoth"
Information: Inserting USER "ZPFnqi"
Information: Inserting USER "ZPFnreis"
Information: Inserting USER "ZPFnvergara"
Information: Inserting USER "ZPFoely"
Information: Inserting USER "ZPFpvallar"
Information: Inserting USER "ZPFrsulit"
Information: Inserting USER "ZPFsaguilar"
Information: Inserting USER "ZPFsdasilva"
Information: Inserting USER "ZPFskholti"

Cooking file 'E:\Custom\i8xmcjeca\FastStart\20161004CRQ000000788186\Admin\Customer\SystemConfig.xml'
Information: Parsing SYSCONFIG EnrollWithIncompleteForms with value 0
Information: Parsing SYSCONFIG USERNAMEORDER with value F,L
Information: Parsing SYSCONFIG RequireCommentForNA with value 0
Information: Parsing SYSCONFIG AutoAnswerManualQueries with value 1
Information: Parsing SYSCONFIG QueryMaxLength with value 160
Information: Parsing SYSCONFIG UNIQUEINTLDOBSWTCH with value 0
Information: Parsing SYSCONFIG UNIQUEPATIDSWTCH with value 2
Information: Parsing SYSCONFIG SPONSOREDITFROZEN with value 0
Information: Parsing SYSCONFIG TrialDateFormat with value Day_Month_Year
Information: Parsing SYSCONFIG NavigationMode with value 1
Information: Parsing SYSCONFIG MinutesReauthenticate with value 15
Information: Parsing SYSCONFIG DaysPasswordExpiration with value 60
Information: Parsing SYSCONFIG MinutesReIdentification with value 120
Information: Parsing SYSCONFIG MinPasswordLength with value 8
Information: Parsing SYSCONFIG InactivateRetryCount with value 3
Information: Parsing SYSCONFIG OneNumericalCharacter with value 1
Information: Parsing SYSCONFIG OneUppercaseCharacter with value 1
Information: Parsing SYSCONFIG OneNonAlphaNumericCharacter with value 0
Information: Parsing SYSCONFIG AllowPasswordReuse with value 1
Information: Parsing SYSCONFIG EnableForgotPassword with value 1
Information: Parsing SYSCONFIG EnforceVisitDate with value 0
Information: Parsing SYSCONFIG ViewCRFSignList with value 1
Information: Parsing SYSCONFIG NumOfExePlanListenThreads with value 1
Information: Parsing SYSCONFIG MaxNumOfResubmissions with value 1
Information: Parsing SYSCONFIG PostQueryForConflictResolution with value 0
Information: Parsing SYSCONFIG SSLFlag with value 1
Information: Parsing SYSCONFIG ScreeningSequence with value SN:1%04q
Information: Parsing SYSCONFIG RandomizationSrc with value Inform.PFRandomization.1
Information: Parsing SYSCONFIG FormSaveMode with value 1
Information: Parsing SYSCONFIG InlineDuration with value 3
Information: Parsing SYSCONFIG QuerySelection with value QUERYACTION_CREATEOPEN

Cooking file 'E:\Custom\i8xmcjeca\FastStart\20161004CRQ000000788186\Admin\Customer\InsertSites.xml'

Cooking file 'E:\Custom\i8xmcjeca\FastStart\20161004CRQ000000788186\Admin\Customer\InsertSiteGroups.xml'

Cooking file 'E:\Custom\i8xmcjeca\FastStart\20161004CRQ000000788186\Admin\Customer\InsertRightsGroups.xml'

Cooking file 'E:\Custom\i8xmcjeca\FastStart\20161004CRQ000000788186\Admin\Customer\InsertGroups.xml'

Cooking file 'E:\Custom\i8xmcjeca\FastStart\20161004CRQ000000788186\Admin\Customer\InsertUser-Roles.xml'

Cooking file 'E:\Custom\i8xmcjeca\FastStart\20161004CRQ000000788186\Admin\Customer\SignatureCRF.xml'

Cooking file 'E:\Custom\i8xmcjeca\FastStart\20161004CRQ000000788186\Admin\Customer\InsertUser-Groups.xml'

Cooking file 'E:\Custom\i8xmcjeca\FastStart\20161004CRQ000000788186\Admin\Customer\InsertItemGroups.xml'

Cooking file 'E:\Custom\i8xmcjeca\FastStart\20161004CRQ000000788186\Admin\Customer\InsertRoleItemGroup.xml'

Cooking file 'E:\Custom\i8xmcjeca\FastStart\20161004CRQ000000788186\Admin\Customer\Sponsor.xml'
Information: Inserting Sponsor 'Eli Lilly'
End cooking response file 'E:\Custom\i8xmcjeca\FastStart\20161004CRQ000000788186\Admin\Customer\AdminCustomer.rsp'

Begin cooking response file 'E:\Custom\i8xmcjeca\FastStart\20161004CRQ000000788186\Resources\Resources.rsp'


Cooking file 'E:\Custom\i8xmcjeca\FastStart\20161004CRQ000000788186\Resources\Resources.xml'
Information: Updating RESOURCE PF_RESOURCE_GENERIC_ENROLLMENTCONFIRM
Information: Updating RESOURCE PF_RESOURCE_GENERIC_VISITCALCULATOR
Information: Updating RESOURCE PF_RESOURCE_GENERIC_SCRIPT_MAIN
Information: Parsing HTMLTEMPLATE PF_SCRIPT_MAIN
Warning: HTML Template "PF_SCRIPT_MAIN" already exists for Browser "GENERIC"..Skipping
Information: Updating RESOURCE 6C

Cooking file 'E:\Custom\i8xmcjeca\FastStart\20161004CRQ000000788186\Resources\sysform_PatientSiteChange.xml'
Information: Updating PFELEMENT '_SYS_PSC_UNKNSTR'...
Warning: An equivalent definition of element '_SYS_PSC_UNKNSTR' already exists. Using existing instance.
Information: Updating TEXTCONTROL 'PSC_CURRENTSITE_CONTROL'...
Warning: An equivalent definition of text control 'PSC_CURRENTSITE_CONTROL' already exists. Using existing instance.
Information: Updating TEXTCONTROL 'PSC_PATIENTNUMBER_CONTROL'...
Warning: An equivalent definition of text control 'PSC_PATIENTNUMBER_CONTROL' already exists. Using existing instance.
Information: Updating TEXTCONTROL 'PSC_SIGNATURES_CONTROL'...
Warning: An equivalent definition of text control 'PSC_SIGNATURES_CONTROL' already exists. Using existing instance.
Information: Updating TEXTCONTROL 'PSC_QUERIES_CONTROL'...
Warning: An equivalent definition of text control 'PSC_QUERIES_CONTROL' already exists. Using existing instance.
Information: Updating TEXTCONTROL 'PSC_SOURCEVERIFICATION_CONTROL'...
Warning: An equivalent definition of text control 'PSC_SOURCEVERIFICATION_CONTROL' already exists. Using existing instance.
Information: Updating TEXTCONTROL 'PSC_NO_SIGNATURES_CONTROL'...
Warning: An equivalent definition of text control 'PSC_NO_SIGNATURES_CONTROL' already exists. Using existing instance.
Information: Updating TEXTCONTROL 'PSC_NO_QUERIES_CONTROL'...
Warning: An equivalent definition of text control 'PSC_NO_QUERIES_CONTROL' already exists. Using existing instance.
Information: Updating TEXTCONTROL 'PSC_NO_SOURCEVERIFICATION_CONTROL'...
Warning: An equivalent definition of text control 'PSC_NO_SOURCEVERIFICATION_CONTROL' already exists. Using existing instance.
Information: Updating PULLDOWNCONTROL 'PSC_NEWSITE_CONTROL'...
Warning: An equivalent definition of pulldown control 'PSC_NEWSITE_CONTROL' already exists. Using existing instance.
Information: Updating TEXTCONTROL 'PSC_NO_NEWSITE_CONTROL'...
Warning: An equivalent definition of text control 'PSC_NO_NEWSITE_CONTROL' already exists. Using existing instance.
Information: Updating PFELEMENT 'PSC_REASON11'...
Warning: An equivalent definition of element 'PSC_REASON11' already exists. Using existing instance.
Information: Updating PFELEMENT 'PSC_REASON21'...
Warning: An equivalent definition of element 'PSC_REASON21' already exists. Using existing instance.
Information: Updating PFELEMENT 'PSC_REASON3'...
Warning: An equivalent definition of element 'PSC_REASON3' already exists. Using existing instance.
Information: Updating TEXTCONTROL 'PSC_OTHERREASONTEXT'...
Warning: An equivalent definition of text control 'PSC_OTHERREASONTEXT' already exists. Using existing instance.
Information: Updating PULLDOWNCONTROL 'PSC_CHANGEREASONPULLDOWN'...
Warning: An equivalent definition of pulldown control 'PSC_CHANGEREASONPULLDOWN' already exists. Using existing instance.
Information: Updating RADIOCONTROL 'PSC_REASON_CONTROL'...
Warning: The child control 'PSC_CHANGEREASONPULLDOWN' in the radio group 'PSC_REASON_CONTROL' does not have a selection value defined.  (A selection value will be generated by default.)
Warning: The child control 'PSC_OTHERREASONTEXT' in the radio group 'PSC_REASON_CONTROL' does not have a selection value defined.  (A selection value will be generated by default.)
Warning: An equivalent definition of control group 'PSC_REASON_CONTROL' already exists. Using existing instance.
Information: Updating PFELEMENT '_SYS_PSC_YES'...
Warning: An equivalent definition of element '_SYS_PSC_YES' already exists. Using existing instance.
Information: Updating PFELEMENT '_SYS_PSC_NO'...
Warning: An equivalent definition of element '_SYS_PSC_NO' already exists. Using existing instance.
Information: Updating SIMPLECONTROL 'PSC_YES'...
Warning: An equivalent definition of simple control 'PSC_YES' already exists. Using existing instance.
Information: Updating SIMPLECONTROL 'PSC_NO'...
Warning: An equivalent definition of simple control 'PSC_NO' already exists. Using existing instance.
Information: Updating ITEM 'PSC_CURRENTSITE_ITEM'...
Warning: An equivalent definition of Item 'PSC_CURRENTSITE_ITEM' already exists. Using existing instance.
Information: Updating ITEM 'PSC_NEWSITE_ITEM'...
Warning: An equivalent definition of Item 'PSC_NEWSITE_ITEM' already exists. Using existing instance.
Information: Updating ITEM 'PSC_PATIENTNUMBER_ITEM'...
Warning: An equivalent definition of Item 'PSC_PATIENTNUMBER_ITEM' already exists. Using existing instance.
Information: Updating ITEM 'PSC_REASON_ITEM'...
Warning: An equivalent definition of Item 'PSC_REASON_ITEM' already exists. Using existing instance.
Information: Updating ITEM 'PSC_SIGNATURES_ITEM'...
Warning: An equivalent definition of Item 'PSC_SIGNATURES_ITEM' already exists. Using existing instance.
Information: Updating ITEM 'PSC_QUERIES_ITEM'...
Warning: An equivalent definition of Item 'PSC_QUERIES_ITEM' already exists. Using existing instance.
Information: Updating ITEM 'PSC_SOURCEVERIFICATION_ITEM'...
Warning: An equivalent definition of Item 'PSC_SOURCEVERIFICATION_ITEM' already exists. Using existing instance.
Information: Updating ITEM 'PSC_NO_SIGNATURES_ITEM'...
Warning: An equivalent definition of Item 'PSC_NO_SIGNATURES_ITEM' already exists. Using existing instance.
Information: Updating ITEM 'PSC_NO_QUERIES_ITEM'...
Warning: An equivalent definition of Item 'PSC_NO_QUERIES_ITEM' already exists. Using existing instance.
Information: Updating ITEM 'PSC_NO_SOURCEVERIFICATION_ITEM'...
Warning: An equivalent definition of Item 'PSC_NO_SOURCEVERIFICATION_ITEM' already exists. Using existing instance.
Information: Updating ITEM 'PSC_NO_NEWSITE_ITEM'...
Warning: An equivalent definition of Item 'PSC_NO_NEWSITE_ITEM' already exists. Using existing instance.
Information: Updating SECTION 'PSC_SECT'...
Warning: An equivalent definition of Section 'PSC_SECT' already exists. Using existing instance.
Information: Updating SECTION 'PSC_SECT2'...
Warning: An equivalent definition of Section 'PSC_SECT2' already exists. Using existing instance.
Information: Updating FORM 'PSC_FORM'...
End cooking response file 'E:\Custom\i8xmcjeca\FastStart\20161004CRQ000000788186\Resources\Resources.rsp'


Completed successfully.

End Time: Wednesday, October 05, 2016   01:34:13

0 errors.
