MMV0LLYINFP0122 : MedML Installer : i3ymcjpcf

Start Time: Monday, July 10, 2017   11:06:16

Begin cooking response file 'E:\Custom\i3ymcjpcf\FastStart\20170710CRQ000000841086\Admin\Customer\AdminCustomer.rsp'


Cooking file 'E:\Custom\i3ymcjpcf\FastStart\20170710CRQ000000841086\Admin\Customer\InsertUsers.xml'
Information: Inserting USER "mmartin"
Information: Inserting USER "aruiz"
Information: Inserting USER "cvelazquez"
Information: Inserting USER "smerino"
Information: Inserting USER "jperez"
Information: Inserting USER "vmichele"
Information: Inserting USER "aclarke"
Information: Inserting USER "dkontas"
Information: Inserting USER "rcosta"
Information: Inserting USER "ibrandl"
Information: Inserting USER "degle"
Information: Inserting USER "jeder"
Information: Inserting USER "epetru"
Information: Inserting USER "fbitencourt"
Information: Inserting USER "ezifarone"
Information: Inserting USER "maranda"
Information: Inserting USER "pperez"
Information: Inserting USER "agonzalez"
Information: Inserting USER "areyes"
Information: Inserting USER "mgarcia"
Information: Inserting USER "hcwang"
Information: Inserting USER "scchen"
Information: Inserting USER "clliu"
Information: Inserting USER "tychao"
Information: Inserting USER "imtseng"
Information: Inserting USER "shyoo"
Information: Inserting USER "sbkim"
Information: Inserting USER "aafanni"
Information: Inserting USER "jhudalaklecha"
Information: Inserting USER "nantoniszyn"
Information: Inserting USER "kdziedziela"
Information: Inserting USER "hnlee"
Information: Inserting USER "khpark"
Information: Inserting USER "ihpark"
Information: Inserting USER "jhkim"
Information: Inserting USER "yhim"
Information: Inserting USER "mkushnir"
Information: Inserting USER "mstache"
Information: Inserting USER "tauchter"
Information: Inserting USER "jhuober"
Information: Inserting USER "pfasching"
Information: Inserting USER "nfehm"
Information: Inserting USER "mkeyverpaik"
Information: Inserting USER "mthill"
Information: Inserting USER "mcoccia-portugal"
Information: Inserting USER "vguarneri"
Information: Inserting USER "wcshih"
Information: Inserting USER "skang"
Information: Inserting USER "kwliang"
Information: Inserting USER "mjtsai"
Information: Inserting USER "hychen"
Information: Inserting USER "hingo"
Information: Inserting USER "ymshin"
Information: Inserting USER "syyun"
Information: Inserting USER "gmkim"
Information: Inserting USER "sparker"
Information: Inserting USER "atang"
Information: Inserting USER "mokera"
Information: Inserting USER "amanikhas"
Information: Inserting USER "tpotetyurina"
Information: Inserting USER "gmukhametshina"
Information: Inserting USER "vmoiseyenko"
Information: Inserting USER "pneven"
Information: Inserting USER "dsupply"
Information: Inserting USER "pstijven"
Information: Inserting USER "adavid"
Information: Inserting USER "mcollin"
Information: Inserting USER "tfourneaux"
Information: Inserting USER "mgerard"
Information: Inserting USER "mmertens"
Information: Inserting USER "gwallays"
Information: Inserting USER "dvanmassenhove"
Information: Inserting USER "skanellopoulou"
Information: Inserting USER "mkontovini"
Information: Inserting USER "c197304"
Information: Inserting USER "zg01496"
Information: Inserting USER "Skylynych"
Information: Inserting USER "ZPFsaguilar"
Information: Inserting USER "ZPFralorico"
Information: Inserting USER "ZPFabalogh"
Information: Inserting USER "ZPFlbalubar"
Information: Inserting USER "ZPFkbarkoczi"
Information: Inserting USER "ZPFtcabanes"
Information: Inserting USER "ZPFkcco"
Information: Inserting USER "ZPFlcseke"
Information: Inserting USER "ZPFkcsobalyka"
Information: Inserting USER "ZPFsdasilva"
Information: Inserting USER "ZPFsdamato"
Information: Inserting USER "ZPFedervishaj"
Information: Inserting USER "ZPFddiomede"
Information: Inserting USER "ZPFadonio"
Information: Inserting USER "ZPFrducusin"
Information: Inserting USER "ZPFoely"
Information: Inserting USER "ZPFtfabian"
Information: Inserting USER "ZPFhhamada"
Information: Inserting USER "ZPFcmolom"
Information: Inserting USER "ZPFjistenes"
Information: Inserting USER "ZPFmiwaki"
Information: Inserting USER "ZPFijohl"
Information: Inserting USER "ZPFskholti"
Information: Inserting USER "ZPFekosa"
Information: Inserting USER "ZPFkkovacs"
Information: Inserting USER "ZPFgkrucso"
Information: Inserting USER "ZPFmlalangan"
Information: Inserting USER "ZPFklim"
Information: Inserting USER "ZPFlmate"
Information: Inserting USER "ZPFdnagy"
Information: Inserting USER "ZPFapervaiz"
Information: Inserting USER "ZPFnqi"
Information: Inserting USER "ZPFnreis"
Information: Inserting USER "ZPFprojas"
Information: Inserting USER "ZPFasomogyi"
Information: Inserting USER "ZPFtszabo"
Information: Inserting USER "ZPFstayco"
Information: Inserting USER "ZPFaterjek"
Information: Inserting USER "ZPFhtsuchida"
Information: Inserting USER "ZPFpvallar"
Information: Inserting USER "ZPFpvamos"
Information: Inserting USER "ZPFfvarga"
Information: Inserting USER "ZPFgyvarga"
Information: Inserting USER "ZPFnvergara"
Information: Inserting USER "ZPFaverpeleti"
Information: Inserting USER "ZPFawarsama"
Information: Inserting USER "ZPFmyuta"
Information: Inserting USER "ZPFvzdirko"
Information: Inserting USER "gsteger"
Information: Inserting USER "brottenmanner"
Information: Inserting USER "abamias"
Information: Inserting USER "zg02589"
Information: Inserting USER "c235007"
Information: Inserting USER "zg02684"
Information: Inserting USER "jpendlebury"
Information: Inserting USER "mozguroglu"
Information: Inserting USER "ferdur"
Information: Inserting USER "jettl"
Information: Inserting USER "ggebauer"
Information: Inserting USER "mbanys"
Information: Inserting USER "mrose"
Information: Inserting USER "ereinert"
Information: Inserting USER "csrabin"
Information: Inserting USER "mivanov"
Information: Inserting USER "sstemmer"
Information: Inserting USER "ikuchuk"
Information: Inserting USER "nisraeli"
Information: Inserting USER "gfried"
Information: Inserting USER "mnachmanovich"
Information: Inserting USER "lshemkar"
Information: Inserting USER "cdcarlsen"
Information: Inserting USER "usoerensen"
Information: Inserting USER "rhegg"
Information: Inserting USER "lau"
Information: Inserting USER "nborges"
Information: Inserting USER "gcolagiovanni"
Information: Inserting USER "szanettin"
Information: Inserting USER "sgirelli"
Information: Inserting USER "abrandes"
Information: Inserting USER "aschanze"
Information: Inserting USER "skuemmel"
Information: Inserting USER "mcinefra"
Information: Inserting USER "jkocsis"
Information: Inserting USER "nkrentel"
Information: Inserting USER "sbartolini"
Information: Inserting USER "kboer"
Information: Inserting USER "ztoth"
Information: Inserting USER "kwalsh"
Information: Inserting USER "smclaughlin"
Information: Inserting USER "jbedengova"
Information: Inserting USER "avavilina"
Information: Inserting USER "nvolkov"
Information: Inserting USER "hfuchs"
Information: Inserting USER "mbutrim"
Information: Inserting USER "jderoover"
Information: Inserting USER "gjerusalem"
Information: Inserting USER "saltintas"
Information: Inserting USER "ideleu"
Information: Inserting USER "aslock"
Information: Inserting USER "ikatsiana"
Information: Inserting USER "akotzamani"
Information: Inserting USER "hkalofonos"
Information: Inserting USER "anikolopoulou"
Information: Inserting USER "aboivin"
Information: Inserting USER "dgillet"
Information: Inserting USER "claurent"
Information: Inserting USER "lgorlier"
Information: Inserting USER "cdurand"
Information: Inserting USER "jgrenier"
Information: Inserting USER "vsacier"
Information: Inserting USER "mcampone"
Information: Inserting USER "plaplaige"
Information: Inserting USER "pebillot"
Information: Inserting USER "fpriou"
Information: Inserting USER "ksheather"
Information: Inserting USER "cshannon"
Information: Inserting USER "i3ymcjpcf_RE"
Information: Inserting USER "z2x2047"
Information: Inserting USER "c226839"
Information: Inserting USER "icardova"
Information: Inserting USER "tbuchler"
Information: Inserting USER "jdvorak"
Information: Inserting USER "jprausova"
Information: Inserting USER "jfiserova"
Information: Inserting USER "rkoucka"
Information: Inserting USER "agheorghe"
Information: Inserting USER "dkatz"
Information: Inserting USER "egalyam"
Information: Inserting USER "alewkowicz"
Information: Inserting USER "asoskin"
Information: Inserting USER "sjuul"
Information: Inserting USER "slinnet"
Information: Inserting USER "rvilmi"
Information: Inserting USER "hpolderdijk"
Information: Inserting USER "jgarcia"
Information: Inserting USER "emendez"
Information: Inserting USER "rmartinez"
Information: Inserting USER "mpocarull"
Information: Inserting USER "aporras"
Information: Inserting USER "lalves"
Information: Inserting USER "agoncalves"
Information: Inserting USER "ctoerien"
Information: Inserting USER "mangel"
Information: Inserting USER "dkaen"
Information: Inserting USER "mliontos"
Information: Inserting USER "kkakoyianni"
Information: Inserting USER "dmavroudis"
Information: Inserting USER "istoupis"
Information: Inserting USER "ampratsiakou"
Information: Inserting USER "dlampropoulou"
Information: Inserting USER "lkontovinis"
Information: Inserting USER "avincent"
Information: Inserting USER "itoledano"
Information: Inserting USER "mbouchaud"
Information: Inserting USER "cdavid"
Information: Inserting USER "ctrouillet"
Information: Inserting USER "NPogoryelova"
Information: Inserting USER "rtitus"
Information: Inserting USER "agomez"
Information: Inserting USER "chernandez"
Information: Inserting USER "gjaliffe"
Information: Inserting USER "rmontes"
Information: Inserting USER "kbeltran"
Information: Inserting USER "bcamus"
Information: Inserting USER "cguglielmetti"
Information: Inserting USER "xpivot"
Information: Inserting USER "u8x8366"
Information: Inserting USER "ggawlowski"
Information: Inserting USER "aprzybysz"
Information: Inserting USER "mkasprzak"
Information: Inserting USER "XG10300"
Information: Inserting USER "C235976"
Information: Inserting USER "mvotavova"
Information: Inserting USER "bchocholousova"
Information: Inserting USER "klajbl"
Information: Inserting USER "jskalova"
Information: Inserting USER "zlinke"
Information: Inserting USER "lprausova"
Information: Inserting USER "sliskova"
Information: Inserting USER "aalexandru"
Information: Inserting USER "ctrif"
Information: Inserting USER "mschenker"
Information: Inserting USER "sleskinen"
Information: Inserting USER "neigeliene"
Information: Inserting USER "skarinkanta"
Information: Inserting USER "jbeith"
Information: Inserting USER "kishihara"
Information: Inserting USER "coder_query"
Information: Inserting USER "HBlazhkunova"
Information: Inserting USER "yvisser"
Information: Inserting USER "ybakx"
Information: Inserting USER "u8x2812"
Information: Inserting USER "C181182"
Information: Inserting USER "ebieber"
Information: Inserting USER "rm87578"
Information: Inserting USER "YX26073"
Information: Inserting USER "C176099"
Information: Inserting USER "C222335"
Information: Inserting USER "jwychiu"
Information: Inserting USER "dhochsteger"
Information: Inserting USER "lfarkas"
Information: Inserting USER "csinger"
Information: Inserting USER "pkivioja"
Information: Inserting USER "calbertini"
Information: Inserting USER "ilanner"
Information: Inserting USER "c244997"
Information: Inserting USER "c212917"
Information: Inserting USER "C218838"
Information: Inserting USER "C23644"
Information: Inserting USER "C225777"
Information: Inserting USER "Z2X1394"
Information: Inserting USER "rm87794"
Information: Inserting USER "c199642"
Information: Inserting USER "c196683"
Information: Inserting USER "c228249"
Information: Inserting USER "c228247"
Information: Inserting USER "c114196"
Information: Inserting USER "c181877"
Information: Inserting USER "c225889"
Information: Inserting USER "caravena"
Information: Inserting USER "jolsthoorn"
Information: Inserting USER "C247292"
Information: Inserting USER "C228579"
Information: Inserting USER "C243495"
Information: Inserting USER "C250376"
Information: Inserting USER "C232417"
Information: Inserting USER "C248905"
Information: Inserting USER "C237092"
Information: Inserting USER "c252452"
Information: Inserting USER "C249104"
Information: Inserting USER "xqx0313"
Information: Inserting USER "C231547"
Information: Inserting USER "C240001"
Information: Inserting USER "c026393"
Information: Inserting USER "rm36132"
Information: Inserting USER "rm37825"
Information: Inserting USER "a511471"
Information: Inserting USER "c196248"
Information: Inserting USER "c223292"
Information: Inserting USER "c068502"
Information: Inserting USER "c228246"
Information: Inserting USER "c228248"
Information: Inserting USER "wJ01513"
Information: Inserting USER "v4x1447"
Information: Inserting USER "ye73456"
Information: Inserting USER "Z1X0676"
Information: Inserting USER "C225448"
Information: Inserting USER "C228571"
Information: Inserting USER "C227016"
Information: Inserting USER "krennie"
Information: Inserting USER "cstevens"
Information: Inserting USER "wj01740"
Information: Inserting USER "wj10098"
Information: Inserting USER "c224208"
Information: Inserting USER "c175391"
Information: Inserting USER "c100415"
Information: Inserting USER "C228557"
Information: Inserting USER "Z2X7700"
Information: Inserting USER "C217794"
Information: Inserting USER "c237386"
Information: Inserting USER "C247019"
Information: Inserting USER "C225222"
Information: Inserting USER "C241291"
Information: Inserting USER "C241110"
Information: Inserting USER "C251513"
Information: Inserting USER "C232276"
Information: Inserting USER "C229921"
Information: Inserting USER "C239403"
Information: Inserting USER "u7X4333"
Information: Inserting USER "rm89018"
Information: Inserting USER "c015393"
Information: Inserting USER "c057362"
Information: Inserting USER "c071673"
Information: Inserting USER "c202987"
Information: Inserting USER "u6x6712"
Information: Inserting USER "v6x8058"
Information: Inserting USER "c090108"
Information: Inserting USER "c074090"
Information: Inserting USER "yex7750"
Information: Inserting USER "c149066"
Information: Inserting USER "c021984"
Information: Inserting USER "rm35504"
Information: Inserting USER "c131994"
Information: Inserting USER "yex7972"
Information: Inserting USER "v6x8356"
Information: Inserting USER "c025980"
Information: Inserting USER "c239605"
Information: Inserting USER "a608760"
Information: Inserting USER "yex8021"
Information: Inserting USER "c058698"
Information: Inserting USER "c135748"
Information: Inserting USER "C231482"
Information: Inserting USER "Z2X3518"
Information: Inserting USER "C224310"
Information: Inserting USER "mvankleef"
Information: Inserting USER "C233952"
Information: Inserting USER "c240206"
Information: Inserting USER "C243788"
Information: Inserting USER "C222556"
Information: Inserting USER "C250530"
Information: Inserting USER "C181023"
Information: Inserting USER "C243737"
Information: Inserting USER "C230776"
Information: Inserting USER "c240089"
Information: Inserting USER "C246980"
Information: Inserting USER "C248461"
Information: Inserting USER "c148827"
Information: Inserting USER "c206591"
Information: Inserting USER "c227370"
Information: Inserting USER "c039863"
Information: Inserting USER "c137396"
Information: Inserting USER "c244333"
Information: Inserting USER "c225389"
Information: Inserting USER "a701824"
Information: Inserting USER "C239711"
Information: Inserting USER "C232981"
Information: Inserting USER "fsyed"
Information: Inserting USER "C249404"
Information: Inserting USER "C248316"
Information: Inserting USER "Z2X7931"
Information: Inserting USER "C239401"
Information: Inserting USER "C214080"
Information: Inserting USER "Q832658"
Information: Inserting USER "C229779"
Information: Inserting USER "C225420"
Information: Inserting USER "C253988"
Information: Inserting USER "C241299"
Information: Inserting USER "C244918"
Information: Inserting USER "C220203"
Information: Inserting USER "C232979"
Information: Inserting USER "c206388"
Information: Inserting USER "c225929"
Information: Inserting USER "c083101"
Information: Inserting USER "c244714"
Information: Inserting USER "c079244"
Information: Inserting USER "rm90029"
Information: Inserting USER "c069132"
Information: Inserting USER "c247616"
Information: Inserting USER "a015765"
Information: Inserting USER "c203058"
Information: Inserting USER "c039853"
Information: Inserting USER "C240202"
Information: Inserting USER "jhhong"
Information: Inserting USER "c068505"
Information: Inserting USER "c085302"
Information: Inserting USER "c074342"
Information: Inserting USER "c149177"
Information: Inserting USER "c194055"
Information: Inserting USER "ye91098"
Information: Inserting USER "yex7231"
Information: Inserting USER "yex7614"
Information: Inserting USER "c219898"
Information: Inserting USER "c075541"
Information: Inserting USER "c074429"
Information: Inserting USER "c189327"
Information: Inserting USER "a608261"
Information: Inserting USER "c143125"
Information: Inserting USER "yex7920"
Information: Inserting USER "c149470"
Information: Inserting USER "a803075"
Information: Inserting USER "c209853"
Information: Inserting USER "c218040"

Cooking file 'E:\Custom\i3ymcjpcf\FastStart\20170710CRQ000000841086\Admin\Customer\SystemConfig.xml'
Information: Parsing SYSCONFIG EnrollWithIncompleteForms with value 0
Information: Parsing SYSCONFIG USERNAMEORDER with value F,L
Information: Parsing SYSCONFIG RequireCommentForNA with value 0
Information: Parsing SYSCONFIG AutoAnswerManualQueries with value 1
Information: Parsing SYSCONFIG QueryMaxLength with value 160
Information: Parsing SYSCONFIG UNIQUEINTLDOBSWTCH with value 0
Information: Parsing SYSCONFIG UNIQUEPATIDSWTCH with value 2
Information: Parsing SYSCONFIG SPONSOREDITFROZEN with value 0
Information: Parsing SYSCONFIG TrialDateFormat with value Day_Month_Year
Information: Parsing SYSCONFIG NavigationMode with value 1
Information: Parsing SYSCONFIG MinutesReauthenticate with value 15
Information: Parsing SYSCONFIG DaysPasswordExpiration with value 60
Information: Parsing SYSCONFIG MinutesReIdentification with value 120
Information: Parsing SYSCONFIG MinPasswordLength with value 8
Information: Parsing SYSCONFIG InactivateRetryCount with value 5
Information: Parsing SYSCONFIG OneNumericalCharacter with value 1
Information: Parsing SYSCONFIG OneUppercaseCharacter with value 1
Information: Parsing SYSCONFIG OneNonAlphaNumericCharacter with value 0
Information: Parsing SYSCONFIG AllowPasswordReuse with value 1
Information: Parsing SYSCONFIG EnableForgotPassword with value 1
Information: Parsing SYSCONFIG EnforceVisitDate with value 0
Information: Parsing SYSCONFIG ViewCRFSignList with value 1
Information: Parsing SYSCONFIG NumOfExePlanListenThreads with value 1
Information: Parsing SYSCONFIG MaxNumOfResubmissions with value 1
Information: Parsing SYSCONFIG PostQueryForConflictResolution with value 0
Information: Parsing SYSCONFIG SSLFlag with value 1
Information: Parsing SYSCONFIG ScreeningSequence with value SN:1%04q
Information: Parsing SYSCONFIG RandomizationSrc with value Inform.PFRandomization.1
Information: Parsing SYSCONFIG FormSaveMode with value 1
Information: Parsing SYSCONFIG InlineDuration with value 3
Information: Parsing SYSCONFIG QuerySelection with value QUERYACTION_CREATEOPEN

Cooking file 'E:\Custom\i3ymcjpcf\FastStart\20170710CRQ000000841086\Admin\Customer\InsertSites.xml'

Cooking file 'E:\Custom\i3ymcjpcf\FastStart\20170710CRQ000000841086\Admin\Customer\InsertSiteGroups.xml'

Cooking file 'E:\Custom\i3ymcjpcf\FastStart\20170710CRQ000000841086\Admin\Customer\InsertRightsGroups.xml'

Cooking file 'E:\Custom\i3ymcjpcf\FastStart\20170710CRQ000000841086\Admin\Customer\InsertGroups.xml'

Cooking file 'E:\Custom\i3ymcjpcf\FastStart\20170710CRQ000000841086\Admin\Customer\InsertUser-Roles.xml'

Cooking file 'E:\Custom\i3ymcjpcf\FastStart\20170710CRQ000000841086\Admin\Customer\SignatureCRF.xml'

Cooking file 'E:\Custom\i3ymcjpcf\FastStart\20170710CRQ000000841086\Admin\Customer\InsertUser-Groups.xml'

Cooking file 'E:\Custom\i3ymcjpcf\FastStart\20170710CRQ000000841086\Admin\Customer\InsertItemGroups.xml'

Cooking file 'E:\Custom\i3ymcjpcf\FastStart\20170710CRQ000000841086\Admin\Customer\InsertRoleItemGroup.xml'

Cooking file 'E:\Custom\i3ymcjpcf\FastStart\20170710CRQ000000841086\Admin\Customer\Sponsor.xml'
Information: Inserting Sponsor 'Eli Lilly'
End cooking response file 'E:\Custom\i3ymcjpcf\FastStart\20170710CRQ000000841086\Admin\Customer\AdminCustomer.rsp'

Begin cooking response file 'E:\Custom\i3ymcjpcf\FastStart\20170710CRQ000000841086\Resources\Resources.rsp'


Cooking file 'E:\Custom\i3ymcjpcf\FastStart\20170710CRQ000000841086\Resources\Resources.xml'
Information: Updating RESOURCE PF_RESOURCE_GENERIC_ENROLLMENTCONFIRM
Information: Updating RESOURCE PF_RESOURCE_GENERIC_VISITCALCULATOR
Information: Updating RESOURCE PF_RESOURCE_GENERIC_SCRIPT_MAIN
Information: Parsing HTMLTEMPLATE PF_SCRIPT_MAIN
Warning: HTML Template "PF_SCRIPT_MAIN" already exists for Browser "GENERIC"..Skipping
Information: Updating RESOURCE 6C
Information: Updating RESOURCE PF_RESOURCE_GENERIC_LOGIN
Information: Adding RESOURCE 151

Cooking file 'E:\Custom\i3ymcjpcf\FastStart\20170710CRQ000000841086\Resources\sysform_PatientSiteChange.xml'
Information: Updating PFELEMENT '_SYS_PSC_UNKNSTR'...
Warning: An equivalent definition of element '_SYS_PSC_UNKNSTR' already exists. Using existing instance.
Information: Updating TEXTCONTROL 'PSC_CURRENTSITE_CONTROL'...
Warning: An equivalent definition of text control 'PSC_CURRENTSITE_CONTROL' already exists. Using existing instance.
Information: Updating TEXTCONTROL 'PSC_PATIENTNUMBER_CONTROL'...
Warning: An equivalent definition of text control 'PSC_PATIENTNUMBER_CONTROL' already exists. Using existing instance.
Information: Updating TEXTCONTROL 'PSC_SIGNATURES_CONTROL'...
Warning: An equivalent definition of text control 'PSC_SIGNATURES_CONTROL' already exists. Using existing instance.
Information: Updating TEXTCONTROL 'PSC_QUERIES_CONTROL'...
Warning: An equivalent definition of text control 'PSC_QUERIES_CONTROL' already exists. Using existing instance.
Information: Updating TEXTCONTROL 'PSC_SOURCEVERIFICATION_CONTROL'...
Warning: An equivalent definition of text control 'PSC_SOURCEVERIFICATION_CONTROL' already exists. Using existing instance.
Information: Updating TEXTCONTROL 'PSC_NO_SIGNATURES_CONTROL'...
Warning: An equivalent definition of text control 'PSC_NO_SIGNATURES_CONTROL' already exists. Using existing instance.
Information: Updating TEXTCONTROL 'PSC_NO_QUERIES_CONTROL'...
Warning: An equivalent definition of text control 'PSC_NO_QUERIES_CONTROL' already exists. Using existing instance.
Information: Updating TEXTCONTROL 'PSC_NO_SOURCEVERIFICATION_CONTROL'...
Warning: An equivalent definition of text control 'PSC_NO_SOURCEVERIFICATION_CONTROL' already exists. Using existing instance.
Information: Updating PULLDOWNCONTROL 'PSC_NEWSITE_CONTROL'...
Warning: An equivalent definition of pulldown control 'PSC_NEWSITE_CONTROL' already exists. Using existing instance.
Information: Updating TEXTCONTROL 'PSC_NO_NEWSITE_CONTROL'...
Warning: An equivalent definition of text control 'PSC_NO_NEWSITE_CONTROL' already exists. Using existing instance.
Information: Updating PFELEMENT 'PSC_REASON11'...
Warning: An equivalent definition of element 'PSC_REASON11' already exists. Using existing instance.
Information: Updating PFELEMENT 'PSC_REASON21'...
Warning: An equivalent definition of element 'PSC_REASON21' already exists. Using existing instance.
Information: Updating PFELEMENT 'PSC_REASON3'...
Warning: An equivalent definition of element 'PSC_REASON3' already exists. Using existing instance.
Information: Updating TEXTCONTROL 'PSC_OTHERREASONTEXT'...
Warning: An equivalent definition of text control 'PSC_OTHERREASONTEXT' already exists. Using existing instance.
Information: Updating PULLDOWNCONTROL 'PSC_CHANGEREASONPULLDOWN'...
Warning: An equivalent definition of pulldown control 'PSC_CHANGEREASONPULLDOWN' already exists. Using existing instance.
Information: Updating RADIOCONTROL 'PSC_REASON_CONTROL'...
Warning: The child control 'PSC_CHANGEREASONPULLDOWN' in the radio group 'PSC_REASON_CONTROL' does not have a selection value defined.  (A selection value will be generated by default.)
Warning: The child control 'PSC_OTHERREASONTEXT' in the radio group 'PSC_REASON_CONTROL' does not have a selection value defined.  (A selection value will be generated by default.)
Warning: An equivalent definition of control group 'PSC_REASON_CONTROL' already exists. Using existing instance.
Information: Updating PFELEMENT '_SYS_PSC_YES'...
Warning: An equivalent definition of element '_SYS_PSC_YES' already exists. Using existing instance.
Information: Updating PFELEMENT '_SYS_PSC_NO'...
Warning: An equivalent definition of element '_SYS_PSC_NO' already exists. Using existing instance.
Information: Updating SIMPLECONTROL 'PSC_YES'...
Warning: An equivalent definition of simple control 'PSC_YES' already exists. Using existing instance.
Information: Updating SIMPLECONTROL 'PSC_NO'...
Warning: An equivalent definition of simple control 'PSC_NO' already exists. Using existing instance.
Information: Updating ITEM 'PSC_CURRENTSITE_ITEM'...
Warning: An equivalent definition of Item 'PSC_CURRENTSITE_ITEM' already exists. Using existing instance.
Information: Updating ITEM 'PSC_NEWSITE_ITEM'...
Warning: An equivalent definition of Item 'PSC_NEWSITE_ITEM' already exists. Using existing instance.
Information: Updating ITEM 'PSC_PATIENTNUMBER_ITEM'...
Warning: An equivalent definition of Item 'PSC_PATIENTNUMBER_ITEM' already exists. Using existing instance.
Information: Updating ITEM 'PSC_REASON_ITEM'...
Warning: An equivalent definition of Item 'PSC_REASON_ITEM' already exists. Using existing instance.
Information: Updating ITEM 'PSC_SIGNATURES_ITEM'...
Warning: An equivalent definition of Item 'PSC_SIGNATURES_ITEM' already exists. Using existing instance.
Information: Updating ITEM 'PSC_QUERIES_ITEM'...
Warning: An equivalent definition of Item 'PSC_QUERIES_ITEM' already exists. Using existing instance.
Information: Updating ITEM 'PSC_SOURCEVERIFICATION_ITEM'...
Warning: An equivalent definition of Item 'PSC_SOURCEVERIFICATION_ITEM' already exists. Using existing instance.
Information: Updating ITEM 'PSC_NO_SIGNATURES_ITEM'...
Warning: An equivalent definition of Item 'PSC_NO_SIGNATURES_ITEM' already exists. Using existing instance.
Information: Updating ITEM 'PSC_NO_QUERIES_ITEM'...
Warning: An equivalent definition of Item 'PSC_NO_QUERIES_ITEM' already exists. Using existing instance.
Information: Updating ITEM 'PSC_NO_SOURCEVERIFICATION_ITEM'...
Warning: An equivalent definition of Item 'PSC_NO_SOURCEVERIFICATION_ITEM' already exists. Using existing instance.
Information: Updating ITEM 'PSC_NO_NEWSITE_ITEM'...
Warning: An equivalent definition of Item 'PSC_NO_NEWSITE_ITEM' already exists. Using existing instance.
Information: Updating SECTION 'PSC_SECT'...
Warning: An equivalent definition of Section 'PSC_SECT' already exists. Using existing instance.
Information: Updating SECTION 'PSC_SECT2'...
Warning: An equivalent definition of Section 'PSC_SECT2' already exists. Using existing instance.
Information: Updating FORM 'PSC_FORM'...
End cooking response file 'E:\Custom\i3ymcjpcf\FastStart\20170710CRQ000000841086\Resources\Resources.rsp'


Completed successfully.

End Time: Tuesday, July 11, 2017   01:13:29

0 errors.
