MMV0LLYINFP0122 : MedML Installer : i3ymcjpcf

Start Time: Tuesday, July 11, 2017   01:58:01


Cooking file 'e:\custom\i3ymcjpcf\faststart\20170710crq000000841086\admin\customer\svsite.xml'
Information: Associating study version 'I3Y_MC_JPCF 1.0.0' with site '423'
Information: Associating study version 'I3Y_MC_JPCF 1.0.0' with site '425'
Information: Associating study version 'I3Y_MC_JPCF 1.0.0' with site '421'
Information: Associating study version 'I3Y_MC_JPCF 1.0.0' with site '427'
Information: Associating study version 'I3Y_MC_JPCF 1.0.0' with site '426'
Information: Associating study version 'I3Y_MC_JPCF 1.0.0' with site '420'
Information: Associating study version 'I3Y_MC_JPCF 1.0.0' with site '428'
Information: Associating study version 'I3Y_MC_JPCF 1.0.0' with site '424'
Information: Associating study version 'I3Y_MC_JPCF 1.0.0' with site '422'
Information: Associating study version 'I3Y_MC_JPCF 1.0.0' with site '573'
Information: Associating study version 'I3Y_MC_JPCF 1.0.0' with site '572'
Information: Associating study version 'I3Y_MC_JPCF 1.0.0' with site '571'
Information: Associating study version 'I3Y_MC_JPCF 1.0.0' with site '570'
Information: Associating study version 'I3Y_MC_JPCF 1.0.0' with site '577'
Information: Associating study version 'I3Y_MC_JPCF 1.0.0' with site '576'
Information: Associating study version 'I3Y_MC_JPCF 1.0.0' with site '575'
Information: Associating study version 'I3Y_MC_JPCF 1.0.0' with site '574'
Information: Associating study version 'I3Y_MC_JPCF 1.0.0' with site '578'
Information: Associating study version 'I3Y_MC_JPCF 1.0.0' with site '581'
Information: Associating study version 'I3Y_MC_JPCF 1.0.0' with site '579'
Information: Associating study version 'I3Y_MC_JPCF 1.0.0' with site '580'
Information: Associating study version 'I3Y_MC_JPCF 1.0.0' with site '118'
Information: Associating study version 'I3Y_MC_JPCF 1.0.0' with site '116'
Information: Associating study version 'I3Y_MC_JPCF 1.0.0' with site '115'
Information: Associating study version 'I3Y_MC_JPCF 1.0.0' with site '119'
Information: Associating study version 'I3Y_MC_JPCF 1.0.0' with site '117'
Information: Associating study version 'I3Y_MC_JPCF 1.0.0' with site '132'
Information: Associating study version 'I3Y_MC_JPCF 1.0.0' with site '134'
Information: Associating study version 'I3Y_MC_JPCF 1.0.0' with site '137'
Information: Associating study version 'I3Y_MC_JPCF 1.0.0' with site '131'
Information: Associating study version 'I3Y_MC_JPCF 1.0.0' with site '136'
Information: Associating study version 'I3Y_MC_JPCF 1.0.0' with site '140'
Information: Associating study version 'I3Y_MC_JPCF 1.0.0' with site '139'
Information: Associating study version 'I3Y_MC_JPCF 1.0.0' with site '138'
Information: Associating study version 'I3Y_MC_JPCF 1.0.0' with site '130'
Information: Associating study version 'I3Y_MC_JPCF 1.0.0' with site '135'
Information: Associating study version 'I3Y_MC_JPCF 1.0.0' with site '133'
Information: Associating study version 'I3Y_MC_JPCF 1.0.0' with site '449'
Information: Associating study version 'I3Y_MC_JPCF 1.0.0' with site '450'
Information: Associating study version 'I3Y_MC_JPCF 1.0.0' with site '445'
Information: Associating study version 'I3Y_MC_JPCF 1.0.0' with site '455'
Information: Associating study version 'I3Y_MC_JPCF 1.0.0' with site '440'
Information: Associating study version 'I3Y_MC_JPCF 1.0.0' with site '451'
Information: Associating study version 'I3Y_MC_JPCF 1.0.0' with site '448'
Information: Associating study version 'I3Y_MC_JPCF 1.0.0' with site '454'
Information: Associating study version 'I3Y_MC_JPCF 1.0.0' with site '442'
Information: Associating study version 'I3Y_MC_JPCF 1.0.0' with site '441'
Information: Associating study version 'I3Y_MC_JPCF 1.0.0' with site '444'
Information: Associating study version 'I3Y_MC_JPCF 1.0.0' with site '443'
Information: Associating study version 'I3Y_MC_JPCF 1.0.0' with site '447'
Information: Associating study version 'I3Y_MC_JPCF 1.0.0' with site '452'
Information: Associating study version 'I3Y_MC_JPCF 1.0.0' with site '453'
Information: Associating study version 'I3Y_MC_JPCF 1.0.0' with site '446'
Information: Associating study version 'I3Y_MC_JPCF 1.0.0' with site '467'
Information: Associating study version 'I3Y_MC_JPCF 1.0.0' with site '465'
Information: Associating study version 'I3Y_MC_JPCF 1.0.0' with site '466'
Information: Associating study version 'I3Y_MC_JPCF 1.0.0' with site '468'
Information: Associating study version 'I3Y_MC_JPCF 1.0.0' with site '150'
Information: Associating study version 'I3Y_MC_JPCF 1.0.0' with site '147'
Information: Associating study version 'I3Y_MC_JPCF 1.0.0' with site '145'
Information: Associating study version 'I3Y_MC_JPCF 1.0.0' with site '148'
Information: Associating study version 'I3Y_MC_JPCF 1.0.0' with site '146'
Information: Associating study version 'I3Y_MC_JPCF 1.0.0' with site '109'
Information: Associating study version 'I3Y_MC_JPCF 1.0.0' with site '106'
Information: Associating study version 'I3Y_MC_JPCF 1.0.0' with site '104'
Information: Associating study version 'I3Y_MC_JPCF 1.0.0' with site '102'
Information: Associating study version 'I3Y_MC_JPCF 1.0.0' with site '107'
Information: Associating study version 'I3Y_MC_JPCF 1.0.0' with site '105'
Information: Associating study version 'I3Y_MC_JPCF 1.0.0' with site '103'
Information: Associating study version 'I3Y_MC_JPCF 1.0.0' with site '101'
Information: Associating study version 'I3Y_MC_JPCF 1.0.0' with site '100'
Information: Associating study version 'I3Y_MC_JPCF 1.0.0' with site '108'
Information: Associating study version 'I3Y_MC_JPCF 1.0.0' with site '168'
Information: Associating study version 'I3Y_MC_JPCF 1.0.0' with site '166'
Information: Associating study version 'I3Y_MC_JPCF 1.0.0' with site '164'
Information: Associating study version 'I3Y_MC_JPCF 1.0.0' with site '162'
Information: Associating study version 'I3Y_MC_JPCF 1.0.0' with site '167'
Information: Associating study version 'I3Y_MC_JPCF 1.0.0' with site '165'
Information: Associating study version 'I3Y_MC_JPCF 1.0.0' with site '163'
Information: Associating study version 'I3Y_MC_JPCF 1.0.0' with site '161'
Information: Associating study version 'I3Y_MC_JPCF 1.0.0' with site '184'
Information: Associating study version 'I3Y_MC_JPCF 1.0.0' with site '183'
Information: Associating study version 'I3Y_MC_JPCF 1.0.0' with site '181'
Information: Associating study version 'I3Y_MC_JPCF 1.0.0' with site '179'
Information: Associating study version 'I3Y_MC_JPCF 1.0.0' with site '177'
Information: Associating study version 'I3Y_MC_JPCF 1.0.0' with site '175'
Information: Associating study version 'I3Y_MC_JPCF 1.0.0' with site '182'
Information: Associating study version 'I3Y_MC_JPCF 1.0.0' with site '180'
Information: Associating study version 'I3Y_MC_JPCF 1.0.0' with site '178'
Information: Associating study version 'I3Y_MC_JPCF 1.0.0' with site '176'
Information: Associating study version 'I3Y_MC_JPCF 1.0.0' with site '225'
Information: Associating study version 'I3Y_MC_JPCF 1.0.0' with site '223'
Information: Associating study version 'I3Y_MC_JPCF 1.0.0' with site '222'
Information: Associating study version 'I3Y_MC_JPCF 1.0.0' with site '220'
Information: Associating study version 'I3Y_MC_JPCF 1.0.0' with site '218'
Information: Associating study version 'I3Y_MC_JPCF 1.0.0' with site '216'
Information: Associating study version 'I3Y_MC_JPCF 1.0.0' with site '213'
Information: Associating study version 'I3Y_MC_JPCF 1.0.0' with site '211'
Information: Associating study version 'I3Y_MC_JPCF 1.0.0' with site '209'
Information: Associating study version 'I3Y_MC_JPCF 1.0.0' with site '207'
Information: Associating study version 'I3Y_MC_JPCF 1.0.0' with site '205'
Information: Associating study version 'I3Y_MC_JPCF 1.0.0' with site '202'
Information: Associating study version 'I3Y_MC_JPCF 1.0.0' with site '200'
Information: Associating study version 'I3Y_MC_JPCF 1.0.0' with site '221'
Information: Associating study version 'I3Y_MC_JPCF 1.0.0' with site '219'
Information: Associating study version 'I3Y_MC_JPCF 1.0.0' with site '217'
Information: Associating study version 'I3Y_MC_JPCF 1.0.0' with site '215'
Information: Associating study version 'I3Y_MC_JPCF 1.0.0' with site '212'
Information: Associating study version 'I3Y_MC_JPCF 1.0.0' with site '210'
Information: Associating study version 'I3Y_MC_JPCF 1.0.0' with site '208'
Information: Associating study version 'I3Y_MC_JPCF 1.0.0' with site '206'
Information: Associating study version 'I3Y_MC_JPCF 1.0.0' with site '203'
Information: Associating study version 'I3Y_MC_JPCF 1.0.0' with site '201'
Information: Associating study version 'I3Y_MC_JPCF 1.0.0' with site '224'
Information: Associating study version 'I3Y_MC_JPCF 1.0.0' with site '236'
Information: Associating study version 'I3Y_MC_JPCF 1.0.0' with site '234'
Information: Associating study version 'I3Y_MC_JPCF 1.0.0' with site '233'
Information: Associating study version 'I3Y_MC_JPCF 1.0.0' with site '231'
Information: Associating study version 'I3Y_MC_JPCF 1.0.0' with site '237'
Information: Associating study version 'I3Y_MC_JPCF 1.0.0' with site '235'
Information: Associating study version 'I3Y_MC_JPCF 1.0.0' with site '232'
Information: Associating study version 'I3Y_MC_JPCF 1.0.0' with site '230'
Information: Associating study version 'I3Y_MC_JPCF 1.0.0' with site '612'
Information: Associating study version 'I3Y_MC_JPCF 1.0.0' with site '610'
Information: Associating study version 'I3Y_MC_JPCF 1.0.0' with site '613'
Information: Associating study version 'I3Y_MC_JPCF 1.0.0' with site '611'
Information: Associating study version 'I3Y_MC_JPCF 1.0.0' with site '250'
Information: Associating study version 'I3Y_MC_JPCF 1.0.0' with site '248'
Information: Associating study version 'I3Y_MC_JPCF 1.0.0' with site '246'
Information: Associating study version 'I3Y_MC_JPCF 1.0.0' with site '251'
Information: Associating study version 'I3Y_MC_JPCF 1.0.0' with site '249'
Information: Associating study version 'I3Y_MC_JPCF 1.0.0' with site '247'
Information: Associating study version 'I3Y_MC_JPCF 1.0.0' with site '245'
Information: Associating study version 'I3Y_MC_JPCF 1.0.0' with site '489'
Information: Associating study version 'I3Y_MC_JPCF 1.0.0' with site '487'
Information: Associating study version 'I3Y_MC_JPCF 1.0.0' with site '485'
Information: Associating study version 'I3Y_MC_JPCF 1.0.0' with site '483'
Information: Associating study version 'I3Y_MC_JPCF 1.0.0' with site '481'
Information: Associating study version 'I3Y_MC_JPCF 1.0.0' with site '479'
Information: Associating study version 'I3Y_MC_JPCF 1.0.0' with site '477'
Information: Associating study version 'I3Y_MC_JPCF 1.0.0' with site '476'
Information: Associating study version 'I3Y_MC_JPCF 1.0.0' with site '488'
Information: Associating study version 'I3Y_MC_JPCF 1.0.0' with site '486'
Information: Associating study version 'I3Y_MC_JPCF 1.0.0' with site '484'
Information: Associating study version 'I3Y_MC_JPCF 1.0.0' with site '482'
Information: Associating study version 'I3Y_MC_JPCF 1.0.0' with site '480'
Information: Associating study version 'I3Y_MC_JPCF 1.0.0' with site '478'
Information: Associating study version 'I3Y_MC_JPCF 1.0.0' with site '506'
Information: Associating study version 'I3Y_MC_JPCF 1.0.0' with site '507'
Information: Associating study version 'I3Y_MC_JPCF 1.0.0' with site '504'
Information: Associating study version 'I3Y_MC_JPCF 1.0.0' with site '502'
Information: Associating study version 'I3Y_MC_JPCF 1.0.0' with site '500'
Information: Associating study version 'I3Y_MC_JPCF 1.0.0' with site '505'
Information: Associating study version 'I3Y_MC_JPCF 1.0.0' with site '503'
Information: Associating study version 'I3Y_MC_JPCF 1.0.0' with site '501'
Information: Associating study version 'I3Y_MC_JPCF 1.0.0' with site '273'
Information: Associating study version 'I3Y_MC_JPCF 1.0.0' with site '271'
Information: Associating study version 'I3Y_MC_JPCF 1.0.0' with site '264'
Information: Associating study version 'I3Y_MC_JPCF 1.0.0' with site '270'
Information: Associating study version 'I3Y_MC_JPCF 1.0.0' with site '268'
Information: Associating study version 'I3Y_MC_JPCF 1.0.0' with site '266'
Information: Associating study version 'I3Y_MC_JPCF 1.0.0' with site '262'
Information: Associating study version 'I3Y_MC_JPCF 1.0.0' with site '260'
Information: Associating study version 'I3Y_MC_JPCF 1.0.0' with site '274'
Information: Associating study version 'I3Y_MC_JPCF 1.0.0' with site '272'
Information: Associating study version 'I3Y_MC_JPCF 1.0.0' with site '269'
Information: Associating study version 'I3Y_MC_JPCF 1.0.0' with site '267'
Information: Associating study version 'I3Y_MC_JPCF 1.0.0' with site '265'
Information: Associating study version 'I3Y_MC_JPCF 1.0.0' with site '263'
Information: Associating study version 'I3Y_MC_JPCF 1.0.0' with site '261'
Information: Associating study version 'I3Y_MC_JPCF 1.0.0' with site '257'
Information: Associating study version 'I3Y_MC_JPCF 1.0.0' with site '592'
Information: Associating study version 'I3Y_MC_JPCF 1.0.0' with site '598'
Information: Associating study version 'I3Y_MC_JPCF 1.0.0' with site '596'
Information: Associating study version 'I3Y_MC_JPCF 1.0.0' with site '594'
Information: Associating study version 'I3Y_MC_JPCF 1.0.0' with site '590'
Information: Associating study version 'I3Y_MC_JPCF 1.0.0' with site '599'
Information: Associating study version 'I3Y_MC_JPCF 1.0.0' with site '597'
Information: Associating study version 'I3Y_MC_JPCF 1.0.0' with site '595'
Information: Associating study version 'I3Y_MC_JPCF 1.0.0' with site '593'
Information: Associating study version 'I3Y_MC_JPCF 1.0.0' with site '600'
Information: Associating study version 'I3Y_MC_JPCF 1.0.0' with site '591'
Information: Associating study version 'I3Y_MC_JPCF 1.0.0' with site '537'
Information: Associating study version 'I3Y_MC_JPCF 1.0.0' with site '531'
Information: Associating study version 'I3Y_MC_JPCF 1.0.0' with site '530'
Information: Associating study version 'I3Y_MC_JPCF 1.0.0' with site '539'
Information: Associating study version 'I3Y_MC_JPCF 1.0.0' with site '532'
Information: Associating study version 'I3Y_MC_JPCF 1.0.0' with site '546'
Information: Associating study version 'I3Y_MC_JPCF 1.0.0' with site '540'
Information: Associating study version 'I3Y_MC_JPCF 1.0.0' with site '534'
Information: Associating study version 'I3Y_MC_JPCF 1.0.0' with site '542'
Information: Associating study version 'I3Y_MC_JPCF 1.0.0' with site '538'
Information: Associating study version 'I3Y_MC_JPCF 1.0.0' with site '533'
Information: Associating study version 'I3Y_MC_JPCF 1.0.0' with site '536'
Information: Associating study version 'I3Y_MC_JPCF 1.0.0' with site '543'
Information: Associating study version 'I3Y_MC_JPCF 1.0.0' with site '535'
Information: Associating study version 'I3Y_MC_JPCF 1.0.0' with site '541'
Information: Associating study version 'I3Y_MC_JPCF 1.0.0' with site '289'
Information: Associating study version 'I3Y_MC_JPCF 1.0.0' with site '290'
Information: Associating study version 'I3Y_MC_JPCF 1.0.0' with site '285'
Information: Associating study version 'I3Y_MC_JPCF 1.0.0' with site '287'
Information: Associating study version 'I3Y_MC_JPCF 1.0.0' with site '288'
Information: Associating study version 'I3Y_MC_JPCF 1.0.0' with site '800'
Information: Associating study version 'I3Y_MC_JPCF 1.0.0' with site '801'
Information: Associating study version 'I3Y_MC_JPCF 1.0.0' with site '309'
Information: Associating study version 'I3Y_MC_JPCF 1.0.0' with site '307'
Information: Associating study version 'I3Y_MC_JPCF 1.0.0' with site '304'
Information: Associating study version 'I3Y_MC_JPCF 1.0.0' with site '302'
Information: Associating study version 'I3Y_MC_JPCF 1.0.0' with site '300'
Information: Associating study version 'I3Y_MC_JPCF 1.0.0' with site '308'
Information: Associating study version 'I3Y_MC_JPCF 1.0.0' with site '306'
Information: Associating study version 'I3Y_MC_JPCF 1.0.0' with site '305'
Information: Associating study version 'I3Y_MC_JPCF 1.0.0' with site '303'
Information: Associating study version 'I3Y_MC_JPCF 1.0.0' with site '301'
Information: Associating study version 'I3Y_MC_JPCF 1.0.0' with site '320'
Information: Associating study version 'I3Y_MC_JPCF 1.0.0' with site '318'
Information: Associating study version 'I3Y_MC_JPCF 1.0.0' with site '316'
Information: Associating study version 'I3Y_MC_JPCF 1.0.0' with site '319'
Information: Associating study version 'I3Y_MC_JPCF 1.0.0' with site '317'
Information: Associating study version 'I3Y_MC_JPCF 1.0.0' with site '321'
Information: Associating study version 'I3Y_MC_JPCF 1.0.0' with site '315'
Information: Associating study version 'I3Y_MC_JPCF 1.0.0' with site '629'
Information: Associating study version 'I3Y_MC_JPCF 1.0.0' with site '627'
Information: Associating study version 'I3Y_MC_JPCF 1.0.0' with site '625'
Information: Associating study version 'I3Y_MC_JPCF 1.0.0' with site '623'
Information: Associating study version 'I3Y_MC_JPCF 1.0.0' with site '621'
Information: Associating study version 'I3Y_MC_JPCF 1.0.0' with site '631'
Information: Associating study version 'I3Y_MC_JPCF 1.0.0' with site '628'
Information: Associating study version 'I3Y_MC_JPCF 1.0.0' with site '626'
Information: Associating study version 'I3Y_MC_JPCF 1.0.0' with site '624'
Information: Associating study version 'I3Y_MC_JPCF 1.0.0' with site '622'
Information: Associating study version 'I3Y_MC_JPCF 1.0.0' with site '620'
Information: Associating study version 'I3Y_MC_JPCF 1.0.0' with site '632'
Information: Associating study version 'I3Y_MC_JPCF 1.0.0' with site '630'
Information: Associating study version 'I3Y_MC_JPCF 1.0.0' with site '640'
Information: Associating study version 'I3Y_MC_JPCF 1.0.0' with site '641'
Information: Associating study version 'I3Y_MC_JPCF 1.0.0' with site '643'
Information: Associating study version 'I3Y_MC_JPCF 1.0.0' with site '642'
Information: Associating study version 'I3Y_MC_JPCF 1.0.0' with site '558'
Information: Associating study version 'I3Y_MC_JPCF 1.0.0' with site '556'
Information: Associating study version 'I3Y_MC_JPCF 1.0.0' with site '560'
Information: Associating study version 'I3Y_MC_JPCF 1.0.0' with site '557'
Information: Associating study version 'I3Y_MC_JPCF 1.0.0' with site '555'
Information: Associating study version 'I3Y_MC_JPCF 1.0.0' with site '330'
Information: Associating study version 'I3Y_MC_JPCF 1.0.0' with site '327'
Information: Associating study version 'I3Y_MC_JPCF 1.0.0' with site '325'
Information: Associating study version 'I3Y_MC_JPCF 1.0.0' with site '335'
Information: Associating study version 'I3Y_MC_JPCF 1.0.0' with site '334'
Information: Associating study version 'I3Y_MC_JPCF 1.0.0' with site '332'
Information: Associating study version 'I3Y_MC_JPCF 1.0.0' with site '331'
Information: Associating study version 'I3Y_MC_JPCF 1.0.0' with site '329'
Information: Associating study version 'I3Y_MC_JPCF 1.0.0' with site '326'
Information: Associating study version 'I3Y_MC_JPCF 1.0.0' with site '355'
Information: Associating study version 'I3Y_MC_JPCF 1.0.0' with site '356'
Information: Associating study version 'I3Y_MC_JPCF 1.0.0' with site '524'
Information: Associating study version 'I3Y_MC_JPCF 1.0.0' with site '522'
Information: Associating study version 'I3Y_MC_JPCF 1.0.0' with site '520'
Information: Associating study version 'I3Y_MC_JPCF 1.0.0' with site '518'
Information: Associating study version 'I3Y_MC_JPCF 1.0.0' with site '516'
Information: Associating study version 'I3Y_MC_JPCF 1.0.0' with site '525'
Information: Associating study version 'I3Y_MC_JPCF 1.0.0' with site '523'
Information: Associating study version 'I3Y_MC_JPCF 1.0.0' with site '521'
Information: Associating study version 'I3Y_MC_JPCF 1.0.0' with site '519'
Information: Associating study version 'I3Y_MC_JPCF 1.0.0' with site '517'
Information: Associating study version 'I3Y_MC_JPCF 1.0.0' with site '515'
Information: Associating study version 'I3Y_MC_JPCF 1.0.0' with site '371'
Information: Associating study version 'I3Y_MC_JPCF 1.0.0' with site '368'
Information: Associating study version 'I3Y_MC_JPCF 1.0.0' with site '366'
Information: Associating study version 'I3Y_MC_JPCF 1.0.0' with site '370'
Information: Associating study version 'I3Y_MC_JPCF 1.0.0' with site '372'
Information: Associating study version 'I3Y_MC_JPCF 1.0.0' with site '369'
Information: Associating study version 'I3Y_MC_JPCF 1.0.0' with site '367'
Information: Associating study version 'I3Y_MC_JPCF 1.0.0' with site '365'
Information: Associating study version 'I3Y_MC_JPCF 1.0.0' with site '387'
Information: Associating study version 'I3Y_MC_JPCF 1.0.0' with site '385'
Information: Associating study version 'I3Y_MC_JPCF 1.0.0' with site '383'
Information: Associating study version 'I3Y_MC_JPCF 1.0.0' with site '381'
Information: Associating study version 'I3Y_MC_JPCF 1.0.0' with site '475'
Information: Associating study version 'I3Y_MC_JPCF 1.0.0' with site '386'
Information: Associating study version 'I3Y_MC_JPCF 1.0.0' with site '384'
Information: Associating study version 'I3Y_MC_JPCF 1.0.0' with site '382'
Information: Associating study version 'I3Y_MC_JPCF 1.0.0' with site '380'
Information: Associating study version 'I3Y_MC_JPCF 1.0.0' with site '409'
Information: Associating study version 'I3Y_MC_JPCF 1.0.0' with site '407'
Information: Associating study version 'I3Y_MC_JPCF 1.0.0' with site '405'
Information: Associating study version 'I3Y_MC_JPCF 1.0.0' with site '403'
Information: Associating study version 'I3Y_MC_JPCF 1.0.0' with site '401'
Information: Associating study version 'I3Y_MC_JPCF 1.0.0' with site '399'
Information: Associating study version 'I3Y_MC_JPCF 1.0.0' with site '397'
Information: Associating study version 'I3Y_MC_JPCF 1.0.0' with site '404'
Information: Associating study version 'I3Y_MC_JPCF 1.0.0' with site '411'
Information: Associating study version 'I3Y_MC_JPCF 1.0.0' with site '408'
Information: Associating study version 'I3Y_MC_JPCF 1.0.0' with site '406'
Information: Associating study version 'I3Y_MC_JPCF 1.0.0' with site '402'
Information: Associating study version 'I3Y_MC_JPCF 1.0.0' with site '400'
Information: Associating study version 'I3Y_MC_JPCF 1.0.0' with site '398'
Information: Associating study version 'I3Y_MC_JPCF 1.0.0' with site '395'
Information: Associating study version 'I3Y_MC_JPCF 1.0.0' with site '396'

Completed successfully.

End Time: Tuesday, July 11, 2017   01:58:21

0 errors.
Cooking the Sectionupdate xml  
ECHO is off.
