MMV0LLYINFP0080 : MedML Installer : i8xmcjeca

Start Time: Wednesday, December 05, 2018   02:51:00

Begin cooking response file 'E:\Custom\i8xmcjeca\FastForward\20181205HCX181204-000537\RWR\RWRXMLs.rsp'


Cooking file 'E:\Custom\i8xmcjeca\FastForward\20181205HCX181204-000537\RWR\RWRXMLs.xml'
Information: Updating Form SAE2001_LF1 Revision 497304429237009.000 to use Section igSAE2001_F1_S6 revision 565651300921036.000
Warning: YOU MUST RESTART THE TRIAL BEFORE THE FORM UPDATE WILL TAKE EFFECT
Warning: Section Name igSAE2001_F1_S6 revision 565651300921036.000 is already assigned to Form SAE2001_LF1 Revision 497304429237009.000. No changes will be made.
Information: Updating Form SAE2001_LF1 Revision 539730741944006.000 to use Section igSAE2001_F1_S6 revision 565651300921036.000
Warning: YOU MUST RESTART THE TRIAL BEFORE THE FORM UPDATE WILL TAKE EFFECT
Warning: Section Name igSAE2001_F1_S6 revision 565651300921036.000 is already assigned to Form SAE2001_LF1 Revision 539730741944006.000. No changes will be made.
Warning: Section Name igSAE2001_F1_S6 revision 565651300921036.000 is already assigned to Form SAE2001_LF1 Revision 539730741944006.000. No changes will be made.
Warning: Section Name igSAE2001_F1_S6 revision 565651300921036.000 is already assigned to Form SAE2001_LF1 Revision 539730741944006.000. No changes will be made.
Information: Updating Section igDM2001_F1 Revision 539730872309006.000 to use Item PLN_ARMCD_1_DM2F1 revision 565651242971036.000
Warning: YOU MUST RESTART THE TRIAL BEFORE THE FORM UPDATE WILL TAKE EFFECT
Warning: Item PLN_ARMCD_1_DM2F1 revision 565651242971036.000 is already assigned to Section igDM2001_F1 Revision 539730872309006.000. No changes will be made.
Warning: Item PLN_ARMCD_1_DM2F1 revision 565651242971036.000 is already assigned to Section igDM2001_F1 Revision 539730872309006.000. No changes will be made.
Information: Updating Section igDM2001_F1 Revision 556575752999033.000 to use Item PLN_ARMCD_2_DM2F1 revision 565651240748036.000
Warning: YOU MUST RESTART THE TRIAL BEFORE THE FORM UPDATE WILL TAKE EFFECT
Information: Updating Section igDM2001_F1 Revision 560721646536043.000 to use Item PLN_ARMCD_2_DM2F1 revision 565651240748036.000
Warning: YOU MUST RESTART THE TRIAL BEFORE THE FORM UPDATE WILL TAKE EFFECT
Information: Updating Section igDM2001_F1 Revision 560729128002027.000 to use Item PLN_ARMCD_2_DM2F1 revision 565651240748036.000
Warning: YOU MUST RESTART THE TRIAL BEFORE THE FORM UPDATE WILL TAKE EFFECT
End cooking response file 'E:\Custom\i8xmcjeca\FastForward\20181205HCX181204-000537\RWR\RWRXMLs.rsp'


Completed successfully.

End Time: Wednesday, December 05, 2018   02:57:52

0 errors.
