MMV0LLYIFP033 : MedML Installer : i5bmcjgdj

Start Time: Thursday, May 11, 2017   17:28:07


Cooking file 'E:\Custom\i5bmcjgdj\FastForward\20170510CRQ000000829661\FF_I5BMCJGDJ_LIVE_20170508\RWR\RWR_CR06865778.xml'
Warning: Section Name igLB9001_F3_C01 revision 516193803006079.000 is already assigned to Form LB9001_LF3 Revision 516193806252079.000. No changes will be made.
Information: Updating Form LB9001_LF3 Revision 462756211337073.000 to use Section igLB9001_F3_C01 revision 516193803006079.000
Warning: YOU MUST RESTART THE TRIAL BEFORE THE FORM UPDATE WILL TAKE EFFECT

Cooking file 'E:\Custom\i5bmcjgdj\FastForward\20170510CRQ000000829661\FF_I5BMCJGDJ_LIVE_20170508\JGDJ_GC_Deactivate.xml'
Information: Parsing rule gc_BASE_EG3001_LF2_C1_C
Information: Parsing rule gc_BASE_EG3001_LF2_C2_C
Information: Parsing rule gc_BASE_EG3001_LF2_C3_C
Information: Parsing rule gc_BASE_EG3001_LF2_C5_C
Information: Parsing rule gc_BASE_EG3001_LF2_C6_C
Information: Parsing rule gc_BASE_EG3001_LF2_C7_C
Information: Parsing rule gc_BASE_EG3001_LF2_C8_C
Information: Parsing rule gc_BASE_EG3001_LF2_C9n_C
Information: Parsing rule gc_BASE_EG3001_LF2_V801_C
Information: Parsing rule gc_BASE_EG3001_LF2_V802X_C
Information: Parsing rule gc_BASE_EG3001_LF2_C4_C
Information: Parsing rule gc_BASE_EG3001_LF2_C1_N_C
Information: Parsing rule gc_BASE_EG3001_LF2_C2_N_C
Information: Parsing rule gc_BASE_EG3001_LF2_C3_N_C
Information: Parsing rule gc_BASE_EG3001_LF2_C4_N_C
Information: Parsing rule gc_BASE_EG3001_LF2_C5_N_C
Information: Parsing rule gc_BASE_EG3001_LF2_C6_N_C
Information: Parsing rule gc_BASE_EG3001_LF2_C7_N_C
Information: Parsing rule gc_BASE_EG3001_LF2_C8_N_C
Information: Parsing rule gc_BASE_EG3001_LF2_C9n_N_C
Information: Parsing rule gc_BASE_EG3001_LF2_V801_N_C
Information: Parsing rule gc_BASE_EG3001_LF2_V802X_N_C
Information: Parsing rule gcSTAT_F1_LBF3C1F3_C1_C
Information: Parsing rule gcSTAT_F1_LBF3_C1F3_C2_C
Information: Parsing rule gcSTAT_F1_LBF3_C1F3_C3_C
Information: Parsing rule gcSTAT_F1_LBF3_C1F3_C4_C
Information: Parsing rule gcSTAT_F1_LBF3_C1F3_C5_C
Information: Parsing rule gcSTAT_F1_LBF3_C1F3_C6_C
Information: Parsing rule gcSTAT_F1_LBF3_C1F3_C7_C
Information: Parsing rule gcSTAT_F1_LBF3_C1F3_C8_C
Information: Parsing rule gcSTAT_F1_LBF3_C1F3_C9n_C

Completed successfully.

End Time: Thursday, May 11, 2017   17:53:28

0 errors.
