
Call completed.

TAS_CCA_KEYITEM fired

0 rows updated.

TAS_CCA_KEYITEM fired

0 rows updated.

TAS_CCA_KEYITEM fired

0 rows updated.

TAR_CCA_KEYITEM fired
TAR_CCA_KEYITEM fired
TAR_CCA_KEYITEM fired
TAR_CCA_KEYITEM fired
TAS_CCA_KEYITEM fired

4 rows updated.

TAS_CCA_KEYITEM fired

0 rows updated.

TAS_CCA_KEYITEM fired

0 rows updated.

TAR_CCA_KEYITEM fired
TAR_CCA_KEYITEM fired
TAR_CCA_KEYITEM fired
TAR_CCA_KEYITEM fired
TAR_CCA_KEYITEM fired
TAR_CCA_KEYITEM fired
TAR_CCA_KEYITEM fired
TAR_CCA_KEYITEM fired
TAS_CCA_KEYITEM fired

8 rows updated.

TAR_CCA_KEYITEM fired
TAR_CCA_KEYITEM fired
TAR_CCA_KEYITEM fired
TAR_CCA_KEYITEM fired
TAR_CCA_KEYITEM fired
TAR_CCA_KEYITEM fired
TAR_CCA_KEYITEM fired
TAR_CCA_KEYITEM fired
TAR_CCA_KEYITEM fired
TAR_CCA_KEYITEM fired
TAR_CCA_KEYITEM fired
TAR_CCA_KEYITEM fired
TAR_CCA_KEYITEM fired
TAR_CCA_KEYITEM fired
TAR_CCA_KEYITEM fired
TAR_CCA_KEYITEM fired
TAR_CCA_KEYITEM fired
TAR_CCA_KEYITEM fired
TAR_CCA_KEYITEM fired
TAR_CCA_KEYITEM fired
TAS_CCA_KEYITEM fired

20 rows updated.

TAR_CCA_KEYITEM fired
TAR_CCA_KEYITEM fired
TAR_CCA_KEYITEM fired
TAR_CCA_KEYITEM fired
TAR_CCA_KEYITEM fired
TAR_CCA_KEYITEM fired
TAR_CCA_KEYITEM fired
TAR_CCA_KEYITEM fired
TAR_CCA_KEYITEM fired
TAR_CCA_KEYITEM fired
TAR_CCA_KEYITEM fired
TAR_CCA_KEYITEM fired
TAR_CCA_KEYITEM fired
TAR_CCA_KEYITEM fired
TAR_CCA_KEYITEM fired
TAR_CCA_KEYITEM fired
TAR_CCA_KEYITEM fired
TAR_CCA_KEYITEM fired
TAR_CCA_KEYITEM fired
TAR_CCA_KEYITEM fired
TAS_CCA_KEYITEM fired

20 rows updated.

TAR_CCA_KEYITEM fired
TAR_CCA_KEYITEM fired
TAR_CCA_KEYITEM fired
TAR_CCA_KEYITEM fired
TAR_CCA_KEYITEM fired
TAR_CCA_KEYITEM fired
TAR_CCA_KEYITEM fired
TAR_CCA_KEYITEM fired
TAR_CCA_KEYITEM fired
TAR_CCA_KEYITEM fired
TAR_CCA_KEYITEM fired
TAR_CCA_KEYITEM fired
TAR_CCA_KEYITEM fired
TAR_CCA_KEYITEM fired
TAR_CCA_KEYITEM fired
TAR_CCA_KEYITEM fired
TAR_CCA_KEYITEM fired
TAR_CCA_KEYITEM fired
TAR_CCA_KEYITEM fired
TAR_CCA_KEYITEM fired
TAS_CCA_KEYITEM fired

20 rows updated.

TAS_CCA_KEYITEM fired

0 rows updated.

TAS_CCA_KEYITEM fired

0 rows updated.

TAS_CCA_KEYITEM fired

0 rows updated.

TAS_CCA_KEYITEM fired

0 rows updated.

TAS_CCA_KEYITEM fired

0 rows updated.

TAS_CCA_KEYITEM fired

0 rows updated.

TAS_CCA_KEYITEM fired

0 rows updated.

TAS_CCA_KEYITEM fired

0 rows updated.

TAS_CCA_KEYITEM fired

0 rows updated.

TAR_CCA_KEYITEM fired
TAR_CCA_KEYITEM fired
TAR_CCA_KEYITEM fired
TAR_CCA_KEYITEM fired
TAR_CCA_KEYITEM fired
TAR_CCA_KEYITEM fired
TAS_CCA_KEYITEM fired

6 rows updated.

TAS_CCA_KEYITEM fired

0 rows updated.

TAS_CCA_KEYITEM fired

0 rows updated.

TAS_CCA_KEYITEM fired

0 rows updated.

TAS_CCA_KEYITEM fired

0 rows updated.

TAS_CCA_KEYITEM fired

0 rows updated.

TAR_CCA_KEYITEM fired
TAR_CCA_KEYITEM fired
TAR_CCA_KEYITEM fired
TAR_CCA_KEYITEM fired
TAR_CCA_KEYITEM fired
TAR_CCA_KEYITEM fired
TAR_CCA_KEYITEM fired
TAR_CCA_KEYITEM fired
TAR_CCA_KEYITEM fired
TAR_CCA_KEYITEM fired
TAR_CCA_KEYITEM fired
TAR_CCA_KEYITEM fired
TAR_CCA_KEYITEM fired
TAR_CCA_KEYITEM fired
TAR_CCA_KEYITEM fired
TAR_CCA_KEYITEM fired
TAR_CCA_KEYITEM fired
TAR_CCA_KEYITEM fired
TAR_CCA_KEYITEM fired
TAR_CCA_KEYITEM fired
TAS_CCA_KEYITEM fired

20 rows updated.

TAR_CCA_KEYITEM fired
TAR_CCA_KEYITEM fired
TAR_CCA_KEYITEM fired
TAR_CCA_KEYITEM fired
TAR_CCA_KEYITEM fired
TAR_CCA_KEYITEM fired
TAR_CCA_KEYITEM fired
TAR_CCA_KEYITEM fired
TAR_CCA_KEYITEM fired
TAR_CCA_KEYITEM fired
TAR_CCA_KEYITEM fired
TAR_CCA_KEYITEM fired
TAR_CCA_KEYITEM fired
TAR_CCA_KEYITEM fired
TAR_CCA_KEYITEM fired
TAR_CCA_KEYITEM fired
TAR_CCA_KEYITEM fired
TAR_CCA_KEYITEM fired
TAR_CCA_KEYITEM fired
TAR_CCA_KEYITEM fired
TAS_CCA_KEYITEM fired

20 rows updated.

TAR_CCA_KEYITEM fired
TAR_CCA_KEYITEM fired
TAR_CCA_KEYITEM fired
TAR_CCA_KEYITEM fired
TAR_CCA_KEYITEM fired
TAR_CCA_KEYITEM fired
TAR_CCA_KEYITEM fired
TAR_CCA_KEYITEM fired
TAR_CCA_KEYITEM fired
TAR_CCA_KEYITEM fired
TAR_CCA_KEYITEM fired
TAR_CCA_KEYITEM fired
TAR_CCA_KEYITEM fired
TAR_CCA_KEYITEM fired
TAR_CCA_KEYITEM fired
TAR_CCA_KEYITEM fired
TAR_CCA_KEYITEM fired
TAR_CCA_KEYITEM fired
TAR_CCA_KEYITEM fired
TAR_CCA_KEYITEM fired
TAS_CCA_KEYITEM fired

20 rows updated.

TAR_CCA_KEYITEM fired
TAR_CCA_KEYITEM fired
TAR_CCA_KEYITEM fired
TAR_CCA_KEYITEM fired
TAR_CCA_KEYITEM fired
TAR_CCA_KEYITEM fired
TAR_CCA_KEYITEM fired
TAR_CCA_KEYITEM fired
TAR_CCA_KEYITEM fired
TAR_CCA_KEYITEM fired
TAR_CCA_KEYITEM fired
TAR_CCA_KEYITEM fired
TAR_CCA_KEYITEM fired
TAR_CCA_KEYITEM fired
TAR_CCA_KEYITEM fired
TAR_CCA_KEYITEM fired
TAR_CCA_KEYITEM fired
TAR_CCA_KEYITEM fired
TAR_CCA_KEYITEM fired
TAR_CCA_KEYITEM fired
TAS_CCA_KEYITEM fired

20 rows updated.

TAR_CCA_KEYITEM fired
TAR_CCA_KEYITEM fired
TAR_CCA_KEYITEM fired
TAR_CCA_KEYITEM fired
TAR_CCA_KEYITEM fired
TAR_CCA_KEYITEM fired
TAR_CCA_KEYITEM fired
TAR_CCA_KEYITEM fired
TAR_CCA_KEYITEM fired
TAR_CCA_KEYITEM fired
TAR_CCA_KEYITEM fired
TAR_CCA_KEYITEM fired
TAR_CCA_KEYITEM fired
TAR_CCA_KEYITEM fired
TAR_CCA_KEYITEM fired
TAR_CCA_KEYITEM fired
TAR_CCA_KEYITEM fired
TAR_CCA_KEYITEM fired
TAR_CCA_KEYITEM fired
TAR_CCA_KEYITEM fired
TAS_CCA_KEYITEM fired

20 rows updated.

TAS_CCA_KEYITEM fired

0 rows updated.

TAS_CCA_KEYITEM fired

0 rows updated.

TAR_CCA_KEYITEM fired
TAR_CCA_KEYITEM fired
TAR_CCA_KEYITEM fired
TAR_CCA_KEYITEM fired
TAR_CCA_KEYITEM fired
TAR_CCA_KEYITEM fired
TAS_CCA_KEYITEM fired

6 rows updated.

TAS_CCA_KEYITEM fired

0 rows updated.

TAR_CCA_KEYITEM fired
TAR_CCA_KEYITEM fired
TAR_CCA_KEYITEM fired
TAR_CCA_KEYITEM fired
TAR_CCA_KEYITEM fired
TAR_CCA_KEYITEM fired
TAR_CCA_KEYITEM fired
TAR_CCA_KEYITEM fired
TAR_CCA_KEYITEM fired
TAR_CCA_KEYITEM fired
TAR_CCA_KEYITEM fired
TAR_CCA_KEYITEM fired
TAR_CCA_KEYITEM fired
TAR_CCA_KEYITEM fired
TAR_CCA_KEYITEM fired
TAR_CCA_KEYITEM fired
TAR_CCA_KEYITEM fired
TAR_CCA_KEYITEM fired
TAR_CCA_KEYITEM fired
TAR_CCA_KEYITEM fired
TAR_CCA_KEYITEM fired
TAR_CCA_KEYITEM fired
TAR_CCA_KEYITEM fired
TAR_CCA_KEYITEM fired
TAR_CCA_KEYITEM fired
TAR_CCA_KEYITEM fired
TAR_CCA_KEYITEM fired
TAR_CCA_KEYITEM fired
TAR_CCA_KEYITEM fired
TAR_CCA_KEYITEM fired
TAR_CCA_KEYITEM fired
TAR_CCA_KEYITEM fired
TAR_CCA_KEYITEM fired
TAR_CCA_KEYITEM fired
TAR_CCA_KEYITEM fired
TAR_CCA_KEYITEM fired
TAS_CCA_KEYITEM fired

36 rows updated.

TBR_CCA_REQUEST fired
TAR_CCA_REQUEST fired
TBR_CCA_REQUEST fired
TAR_CCA_REQUEST fired
TBR_CCA_REQUEST fired
TAR_CCA_REQUEST fired
TBR_CCA_REQUEST fired
TAR_CCA_REQUEST fired
TBR_CCA_REQUEST fired
TAR_CCA_REQUEST fired
TBR_CCA_REQUEST fired
TAR_CCA_REQUEST fired
TBR_CCA_REQUEST fired
TAR_CCA_REQUEST fired
TBR_CCA_REQUEST fired
TAR_CCA_REQUEST fired
TBR_CCA_REQUEST fired
TAR_CCA_REQUEST fired
TBR_CCA_REQUEST fired
TAR_CCA_REQUEST fired
TBR_CCA_REQUEST fired
TAR_CCA_REQUEST fired
TBR_CCA_REQUEST fired
TAR_CCA_REQUEST fired
TBR_CCA_REQUEST fired
TAR_CCA_REQUEST fired
TBR_CCA_REQUEST fired
TAR_CCA_REQUEST fired
TBR_CCA_REQUEST fired
TAR_CCA_REQUEST fired
TBR_CCA_REQUEST fired
TAR_CCA_REQUEST fired
TBR_CCA_REQUEST fired
TAR_CCA_REQUEST fired
TBR_CCA_REQUEST fired
TAR_CCA_REQUEST fired
TBR_CCA_REQUEST fired
TAR_CCA_REQUEST fired
TBR_CCA_REQUEST fired
TAR_CCA_REQUEST fired
TBR_CCA_REQUEST fired
TAR_CCA_REQUEST fired
TBR_CCA_REQUEST fired
TAR_CCA_REQUEST fired
TBR_CCA_REQUEST fired
TAR_CCA_REQUEST fired
TBR_CCA_REQUEST fired
TAR_CCA_REQUEST fired
TBR_CCA_REQUEST fired
TAR_CCA_REQUEST fired
TBR_CCA_REQUEST fired
TAR_CCA_REQUEST fired
TBR_CCA_REQUEST fired
TAR_CCA_REQUEST fired
TBR_CCA_REQUEST fired
TAR_CCA_REQUEST fired
TBR_CCA_REQUEST fired
TAR_CCA_REQUEST fired
TBR_CCA_REQUEST fired
TAR_CCA_REQUEST fired
TBR_CCA_REQUEST fired
TAR_CCA_REQUEST fired
TBR_CCA_REQUEST fired
TAR_CCA_REQUEST fired
TBR_CCA_REQUEST fired
TAR_CCA_REQUEST fired
TBR_CCA_REQUEST fired
TAR_CCA_REQUEST fired
TBR_CCA_REQUEST fired
TAR_CCA_REQUEST fired
TBR_CCA_REQUEST fired
TAR_CCA_REQUEST fired
TBR_CCA_REQUEST fired
TAR_CCA_REQUEST fired
TBR_CCA_REQUEST fired
TAR_CCA_REQUEST fired
TBR_CCA_REQUEST fired
TAR_CCA_REQUEST fired
TBR_CCA_REQUEST fired
TAR_CCA_REQUEST fired
TBR_CCA_REQUEST fired
TAR_CCA_REQUEST fired
TBR_CCA_REQUEST fired
TAR_CCA_REQUEST fired
TBR_CCA_REQUEST fired
TAR_CCA_REQUEST fired
TBR_CCA_REQUEST fired
TAR_CCA_REQUEST fired
TBR_CCA_REQUEST fired
TAR_CCA_REQUEST fired
TBR_CCA_REQUEST fired
TAR_CCA_REQUEST fired
TBR_CCA_REQUEST fired
TAR_CCA_REQUEST fired
TBR_CCA_REQUEST fired
TAR_CCA_REQUEST fired
TBR_CCA_REQUEST fired
TAR_CCA_REQUEST fired
TBR_CCA_REQUEST fired
TAR_CCA_REQUEST fired
TBR_CCA_REQUEST fired
TAR_CCA_REQUEST fired
TBR_CCA_REQUEST fired
TAR_CCA_REQUEST fired
TBR_CCA_REQUEST fired
TAR_CCA_REQUEST fired
TBR_CCA_REQUEST fired
TAR_CCA_REQUEST fired
TBR_CCA_REQUEST fired
TAR_CCA_REQUEST fired
TBR_CCA_REQUEST fired
TAR_CCA_REQUEST fired
TBR_CCA_REQUEST fired
TAR_CCA_REQUEST fired
TBR_CCA_REQUEST fired
TAR_CCA_REQUEST fired
TBR_CCA_REQUEST fired
TAR_CCA_REQUEST fired
TBR_CCA_REQUEST fired
TAR_CCA_REQUEST fired
TBR_CCA_REQUEST fired
TAR_CCA_REQUEST fired
TBR_CCA_REQUEST fired
TAR_CCA_REQUEST fired
TBR_CCA_REQUEST fired
TAR_CCA_REQUEST fired
TBR_CCA_REQUEST fired
TAR_CCA_REQUEST fired
TBR_CCA_REQUEST fired
TAR_CCA_REQUEST fired
TBR_CCA_REQUEST fired
TAR_CCA_REQUEST fired
TBR_CCA_REQUEST fired
TAR_CCA_REQUEST fired
TBR_CCA_REQUEST fired
TAR_CCA_REQUEST fired
TBR_CCA_REQUEST fired
TAR_CCA_REQUEST fired
TBR_CCA_REQUEST fired
TAR_CCA_REQUEST fired
TBR_CCA_REQUEST fired
TAR_CCA_REQUEST fired
TBR_CCA_REQUEST fired
TAR_CCA_REQUEST fired
TBR_CCA_REQUEST fired
TAR_CCA_REQUEST fired
TBR_CCA_REQUEST fired
TAR_CCA_REQUEST fired
TBR_CCA_REQUEST fired
TAR_CCA_REQUEST fired
TBR_CCA_REQUEST fired
TAR_CCA_REQUEST fired
TBR_CCA_REQUEST fired
TAR_CCA_REQUEST fired
TBR_CCA_REQUEST fired
TAR_CCA_REQUEST fired
TBR_CCA_REQUEST fired
TAR_CCA_REQUEST fired
TBR_CCA_REQUEST fired
TAR_CCA_REQUEST fired
TBR_CCA_REQUEST fired
TAR_CCA_REQUEST fired
TBR_CCA_REQUEST fired
TAR_CCA_REQUEST fired
TBR_CCA_REQUEST fired
TAR_CCA_REQUEST fired
TBR_CCA_REQUEST fired
TAR_CCA_REQUEST fired
TBR_CCA_REQUEST fired
TAR_CCA_REQUEST fired
TBR_CCA_REQUEST fired
TAR_CCA_REQUEST fired
TBR_CCA_REQUEST fired
TAR_CCA_REQUEST fired
TBR_CCA_REQUEST fired
TAR_CCA_REQUEST fired
TBR_CCA_REQUEST fired
TAR_CCA_REQUEST fired
TBR_CCA_REQUEST fired
TAR_CCA_REQUEST fired
TBR_CCA_REQUEST fired
TAR_CCA_REQUEST fired
TBR_CCA_REQUEST fired
TAR_CCA_REQUEST fired
TBR_CCA_REQUEST fired
TAR_CCA_REQUEST fired
TBR_CCA_REQUEST fired
TAR_CCA_REQUEST fired
TBR_CCA_REQUEST fired
TAR_CCA_REQUEST fired
TBR_CCA_REQUEST fired
TAR_CCA_REQUEST fired
TBR_CCA_REQUEST fired
TAR_CCA_REQUEST fired
TBR_CCA_REQUEST fired
TAR_CCA_REQUEST fired
TBR_CCA_REQUEST fired
TAR_CCA_REQUEST fired
TBR_CCA_REQUEST fired
TAR_CCA_REQUEST fired
TBR_CCA_REQUEST fired
TAR_CCA_REQUEST fired
TBR_CCA_REQUEST fired
TAR_CCA_REQUEST fired
TBR_CCA_REQUEST fired
TAR_CCA_REQUEST fired
TBR_CCA_REQUEST fired
TAR_CCA_REQUEST fired
TBR_CCA_REQUEST fired
TAR_CCA_REQUEST fired
TBR_CCA_REQUEST fired
TAR_CCA_REQUEST fired
TBR_CCA_REQUEST fired
TAR_CCA_REQUEST fired
TBR_CCA_REQUEST fired
TAR_CCA_REQUEST fired
TBR_CCA_REQUEST fired
TAR_CCA_REQUEST fired
TBR_CCA_REQUEST fired
TAR_CCA_REQUEST fired
TBR_CCA_REQUEST fired
TAR_CCA_REQUEST fired
TBR_CCA_REQUEST fired
TAR_CCA_REQUEST fired
TBR_CCA_REQUEST fired
TAR_CCA_REQUEST fired
TBR_CCA_REQUEST fired
TAR_CCA_REQUEST fired
TBR_CCA_REQUEST fired
TAR_CCA_REQUEST fired
TBR_CCA_REQUEST fired
TAR_CCA_REQUEST fired
TBR_CCA_REQUEST fired
TAR_CCA_REQUEST fired
TBR_CCA_REQUEST fired
TAR_CCA_REQUEST fired
TBR_CCA_REQUEST fired
TAR_CCA_REQUEST fired
TBR_CCA_REQUEST fired
TAR_CCA_REQUEST fired
TBR_CCA_REQUEST fired
TAR_CCA_REQUEST fired
TBR_CCA_REQUEST fired
TAR_CCA_REQUEST fired
TBR_CCA_REQUEST fired
TAR_CCA_REQUEST fired
TBR_CCA_REQUEST fired
TAR_CCA_REQUEST fired
TBR_CCA_REQUEST fired
TAR_CCA_REQUEST fired
TBR_CCA_REQUEST fired
TAR_CCA_REQUEST fired
TBR_CCA_REQUEST fired
TAR_CCA_REQUEST fired
TBR_CCA_REQUEST fired
TAR_CCA_REQUEST fired
TAS_CCA_REQUEST fired

128 rows updated.


Commit complete.

